{"/home/travis/build/npmtest/node-npmtest-mailin/test.js":{"path":"/home/travis/build/npmtest/node-npmtest-mailin/test.js","s":{"1":2,"2":2,"3":2,"4":2,"5":2,"6":2,"7":2,"8":1,"9":2,"10":2,"11":1,"12":1,"13":1,"14":1,"15":2,"16":2,"17":2,"18":2,"19":1,"20":1,"21":2,"22":2,"23":2,"24":1,"25":1,"26":1,"27":1,"28":1,"29":1,"30":1,"31":1,"32":1,"33":1,"34":1,"35":1,"36":1,"37":1,"38":1,"39":2,"40":2,"41":1,"42":2,"43":2,"44":1,"45":2,"46":2,"47":1,"48":2,"49":2,"50":1,"51":1,"52":1,"53":1,"54":1},"b":{"1":[2,1,1,1],"2":[1,1,1,1],"3":[1,1],"4":[1,1],"5":[1,1],"6":[1,1],"7":[1,1],"8":[1,1],"9":[1,1],"10":[1,1,1],"11":[1,1],"12":[1,1],"13":[1,1],"14":[1,1],"15":[1,1],"16":[1,1],"17":[1,1]},"f":{"1":2,"2":2,"3":2,"4":2,"5":2,"6":1,"7":1,"8":1,"9":2,"10":2,"11":2,"12":2,"13":1},"fnMap":{"1":{"name":"(anonymous_1)","line":12,"loc":{"start":{"line":12,"column":1},"end":{"line":12,"column":13}}},"2":{"name":"(anonymous_2)","line":19,"loc":{"start":{"line":19,"column":5},"end":{"line":19,"column":17}}},"3":{"name":"(anonymous_3)","line":23,"loc":{"start":{"line":23,"column":24},"end":{"line":23,"column":36}}},"4":{"name":"(anonymous_4)","line":61,"loc":{"start":{"line":61,"column":5},"end":{"line":61,"column":17}}},"5":{"name":"(anonymous_5)","line":82,"loc":{"start":{"line":82,"column":5},"end":{"line":82,"column":17}}},"6":{"name":"(anonymous_6)","line":91,"loc":{"start":{"line":91,"column":77},"end":{"line":94,"column":10}}},"7":{"name":"(anonymous_7)","line":112,"loc":{"start":{"line":112,"column":83},"end":{"line":115,"column":10}},"skip":true},"8":{"name":"(anonymous_8)","line":123,"loc":{"start":{"line":123,"column":77},"end":{"line":126,"column":10}},"skip":true},"9":{"name":"(anonymous_9)","line":139,"loc":{"start":{"line":139,"column":12},"end":{"line":139,"column":40}},"skip":true},"10":{"name":"(anonymous_10)","line":147,"loc":{"start":{"line":147,"column":77},"end":{"line":150,"column":10}},"skip":true},"11":{"name":"(anonymous_11)","line":158,"loc":{"start":{"line":158,"column":83},"end":{"line":161,"column":10}},"skip":true},"12":{"name":"(anonymous_12)","line":169,"loc":{"start":{"line":169,"column":79},"end":{"line":172,"column":10}},"skip":true},"13":{"name":"(anonymous_13)","line":180,"loc":{"start":{"line":180,"column":75},"end":{"line":183,"column":10}},"skip":true}},"statementMap":{"1":{"start":{"line":12,"column":0},"end":{"line":195,"column":5}},"2":{"start":{"line":14,"column":4},"end":{"line":14,"column":14}},"3":{"start":{"line":19,"column":4},"end":{"line":56,"column":9}},"4":{"start":{"line":21,"column":8},"end":{"line":21,"column":19}},"5":{"start":{"line":23,"column":8},"end":{"line":35,"column":13}},"6":{"start":{"line":24,"column":12},"end":{"line":34,"column":13}},"7":{"start":{"line":25,"column":16},"end":{"line":28,"column":30}},"8":{"start":{"line":30,"column":16},"end":{"line":33,"column":27}},"9":{"start":{"line":37,"column":8},"end":{"line":39,"column":21}},"10":{"start":{"line":40,"column":8},"end":{"line":53,"column":9}},"11":{"start":{"line":43,"column":12},"end":{"line":46,"column":14}},"12":{"start":{"line":47,"column":12},"end":{"line":47,"column":18}},"13":{"start":{"line":50,"column":12},"end":{"line":51,"column":46}},"14":{"start":{"line":52,"column":12},"end":{"line":52,"column":18}},"15":{"start":{"line":55,"column":8},"end":{"line":55,"column":35}},"16":{"start":{"line":61,"column":4},"end":{"line":63,"column":9}},"17":{"start":{"line":62,"column":8},"end":{"line":62,"column":15}},"18":{"start":{"line":64,"column":4},"end":{"line":77,"column":5}},"19":{"start":{"line":70,"column":8},"end":{"line":70,"column":14}},"20":{"start":{"line":76,"column":8},"end":{"line":76,"column":14}},"21":{"start":{"line":82,"column":4},"end":{"line":84,"column":9}},"22":{"start":{"line":83,"column":8},"end":{"line":83,"column":15}},"23":{"start":{"line":85,"column":4},"end":{"line":194,"column":5}},"24":{"start":{"line":91,"column":8},"end":{"line":99,"column":10}},"25":{"start":{"line":98,"column":12},"end":{"line":98,"column":35}},"26":{"start":{"line":102,"column":8},"end":{"line":104,"column":63}},"27":{"start":{"line":105,"column":8},"end":{"line":105,"column":14}},"28":{"start":{"line":112,"column":8},"end":{"line":121,"column":10},"skip":true},"29":{"start":{"line":119,"column":12},"end":{"line":119,"column":55},"skip":true},"30":{"start":{"line":120,"column":12},"end":{"line":120,"column":48},"skip":true},"31":{"start":{"line":123,"column":8},"end":{"line":136,"column":10},"skip":true},"32":{"start":{"line":130,"column":12},"end":{"line":130,"column":76},"skip":true},"33":{"start":{"line":131,"column":12},"end":{"line":131,"column":73},"skip":true},"34":{"start":{"line":132,"column":12},"end":{"line":132,"column":74},"skip":true},"35":{"start":{"line":133,"column":12},"end":{"line":133,"column":79},"skip":true},"36":{"start":{"line":134,"column":12},"end":{"line":134,"column":25},"skip":true},"37":{"start":{"line":135,"column":12},"end":{"line":135,"column":45},"skip":true},"38":{"start":{"line":138,"column":8},"end":{"line":145,"column":14},"skip":true},"39":{"start":{"line":143,"column":16},"end":{"line":143,"column":29},"skip":true},"40":{"start":{"line":144,"column":16},"end":{"line":144,"column":55},"skip":true},"41":{"start":{"line":147,"column":8},"end":{"line":156,"column":10},"skip":true},"42":{"start":{"line":154,"column":12},"end":{"line":154,"column":25},"skip":true},"43":{"start":{"line":155,"column":12},"end":{"line":155,"column":45},"skip":true},"44":{"start":{"line":158,"column":8},"end":{"line":167,"column":10},"skip":true},"45":{"start":{"line":165,"column":12},"end":{"line":165,"column":25},"skip":true},"46":{"start":{"line":166,"column":12},"end":{"line":166,"column":48},"skip":true},"47":{"start":{"line":169,"column":8},"end":{"line":178,"column":10},"skip":true},"48":{"start":{"line":176,"column":12},"end":{"line":176,"column":25},"skip":true},"49":{"start":{"line":177,"column":12},"end":{"line":177,"column":46},"skip":true},"50":{"start":{"line":180,"column":8},"end":{"line":189,"column":10},"skip":true},"51":{"start":{"line":187,"column":12},"end":{"line":187,"column":94},"skip":true},"52":{"start":{"line":188,"column":12},"end":{"line":188,"column":48},"skip":true},"53":{"start":{"line":192,"column":8},"end":{"line":192,"column":35},"skip":true},"54":{"start":{"line":193,"column":8},"end":{"line":193,"column":14},"skip":true}},"branchMap":{"1":{"line":25,"type":"binary-expr","locations":[{"start":{"line":25,"column":23},"end":{"line":25,"column":62}},{"start":{"line":26,"column":20},"end":{"line":26,"column":70}},{"start":{"line":27,"column":20},"end":{"line":27,"column":71}},{"start":{"line":28,"column":20},"end":{"line":28,"column":29}}]},"2":{"line":30,"type":"binary-expr","locations":[{"start":{"line":30,"column":23},"end":{"line":30,"column":37}},{"start":{"line":31,"column":20},"end":{"line":31,"column":61}},{"start":{"line":32,"column":20},"end":{"line":32,"column":70}},{"start":{"line":33,"column":20},"end":{"line":33,"column":26}}]},"3":{"line":37,"type":"cond-expr","locations":[{"start":{"line":38,"column":14},"end":{"line":38,"column":20}},{"start":{"line":39,"column":14},"end":{"line":39,"column":20}}]},"4":{"line":40,"type":"switch","locations":[{"start":{"line":42,"column":8},"end":{"line":47,"column":18}},{"start":{"line":49,"column":8},"end":{"line":52,"column":18}}]},"5":{"line":44,"type":"binary-expr","locations":[{"start":{"line":44,"column":16},"end":{"line":44,"column":44}},{"start":{"line":44,"column":48},"end":{"line":44,"column":66}}]},"6":{"line":50,"type":"binary-expr","locations":[{"start":{"line":50,"column":21},"end":{"line":50,"column":49}},{"start":{"line":50,"column":53},"end":{"line":50,"column":72}}]},"7":{"line":64,"type":"switch","locations":[{"start":{"line":69,"column":4},"end":{"line":70,"column":14}},{"start":{"line":75,"column":4},"end":{"line":76,"column":14}}]},"8":{"line":85,"type":"switch","locations":[{"start":{"line":90,"column":4},"end":{"line":105,"column":14}},{"start":{"line":111,"column":4},"end":{"line":193,"column":14},"skip":true}]},"9":{"line":91,"type":"binary-expr","locations":[{"start":{"line":91,"column":42},"end":{"line":91,"column":73}},{"start":{"line":91,"column":77},"end":{"line":99,"column":9}}]},"10":{"line":102,"type":"binary-expr","locations":[{"start":{"line":102,"column":18},"end":{"line":102,"column":32}},{"start":{"line":103,"column":12},"end":{"line":103,"column":53}},{"start":{"line":104,"column":12},"end":{"line":104,"column":61}}]},"11":{"line":112,"type":"binary-expr","locations":[{"start":{"line":112,"column":45},"end":{"line":112,"column":79},"skip":true},{"start":{"line":112,"column":83},"end":{"line":121,"column":9},"skip":true}]},"12":{"line":123,"type":"binary-expr","locations":[{"start":{"line":123,"column":42},"end":{"line":123,"column":73},"skip":true},{"start":{"line":123,"column":77},"end":{"line":136,"column":9},"skip":true}]},"13":{"line":138,"type":"binary-expr","locations":[{"start":{"line":138,"column":48},"end":{"line":138,"column":85},"skip":true},{"start":{"line":139,"column":12},"end":{"line":145,"column":13},"skip":true}]},"14":{"line":147,"type":"binary-expr","locations":[{"start":{"line":147,"column":42},"end":{"line":147,"column":73},"skip":true},{"start":{"line":147,"column":77},"end":{"line":156,"column":9},"skip":true}]},"15":{"line":158,"type":"binary-expr","locations":[{"start":{"line":158,"column":45},"end":{"line":158,"column":79},"skip":true},{"start":{"line":158,"column":83},"end":{"line":167,"column":9},"skip":true}]},"16":{"line":169,"type":"binary-expr","locations":[{"start":{"line":169,"column":43},"end":{"line":169,"column":75},"skip":true},{"start":{"line":169,"column":79},"end":{"line":178,"column":9},"skip":true}]},"17":{"line":180,"type":"binary-expr","locations":[{"start":{"line":180,"column":41},"end":{"line":180,"column":71},"skip":true},{"start":{"line":180,"column":75},"end":{"line":189,"column":9},"skip":true}]}},"code":["/* istanbul instrument in package npmtest_mailin */","/*jslint","    bitwise: true,","    browser: true,","    maxerr: 8,","    maxlen: 96,","    node: true,","    nomen: true,","    regexp: true,","    stupid: true","*/","(function () {","    'use strict';","    var local;","","","","    // run shared js-env code - pre-init","    (function () {","        // init local","        local = {};","        // init modeJs","        local.modeJs = (function () {","            try {","                return typeof navigator.userAgent === 'string' &&","                    typeof document.querySelector('body') === 'object' &&","                    typeof XMLHttpRequest.prototype.open === 'function' &&","                    'browser';","            } catch (errorCaughtBrowser) {","                return module.exports &&","                    typeof process.versions.node === 'string' &&","                    typeof require('http').createServer === 'function' &&","                    'node';","            }","        }());","        // init global","        local.global = local.modeJs === 'browser'","            ? window","            : global;","        switch (local.modeJs) {","        // re-init local from window.local","        case 'browser':","            local = local.global.utility2.objectSetDefault(","                local.global.utility2_rollup || local.global.local,","                local.global.utility2","            );","            break;","        // re-init local from example.js","        case 'node':","            local = (local.global.utility2_rollup || require('utility2'))","                .requireExampleJsFromReadme();","            break;","        }","        // export local","        local.global.local = local;","    }());","","","","    // run shared js-env code - function","    (function () {","        return;","    }());","    switch (local.modeJs) {","","","","    // run browser js-env code - function","    case 'browser':","        break;","","","","    // run node js-env code - function","    case 'node':","        break;","    }","","","","    // run shared js-env code - post-init","    (function () {","        return;","    }());","    switch (local.modeJs) {","","","","    // run browser js-env code - post-init","    case 'browser':","        local.testCase_browser_nullCase = local.testCase_browser_nullCase || function (","            options,","            onError","        ) {","        /*","         * this function will test browsers's null-case handling-behavior-behavior","         */","            onError(null, options);","        };","","        // run tests","        local.nop(local.modeTest &&","            document.querySelector('#testRunButton1') &&","            document.querySelector('#testRunButton1').click());","        break;","","","","    // run node js-env code - post-init","    /* istanbul ignore next */","    case 'node':","        local.testCase_buildApidoc_default = local.testCase_buildApidoc_default || function (","            options,","            onError","        ) {","        /*","         * this function will test buildApidoc's default handling-behavior-behavior","         */","            options = { modulePathList: module.paths };","            local.buildApidoc(options, onError);","        };","","        local.testCase_buildApp_default = local.testCase_buildApp_default || function (","            options,","            onError","        ) {","        /*","         * this function will test buildApp's default handling-behavior-behavior","         */","            local.testCase_buildReadme_default(options, local.onErrorThrow);","            local.testCase_buildLib_default(options, local.onErrorThrow);","            local.testCase_buildTest_default(options, local.onErrorThrow);","            local.testCase_buildCustomOrg_default(options, local.onErrorThrow);","            options = [];","            local.buildApp(options, onError);","        };","","        local.testCase_buildCustomOrg_default = local.testCase_buildCustomOrg_default ||","            function (options, onError) {","            /*","             * this function will test buildCustomOrg's default handling-behavior","             */","                options = {};","                local.buildCustomOrg(options, onError);","            };","","        local.testCase_buildLib_default = local.testCase_buildLib_default || function (","            options,","            onError","        ) {","        /*","         * this function will test buildLib's default handling-behavior","         */","            options = {};","            local.buildLib(options, onError);","        };","","        local.testCase_buildReadme_default = local.testCase_buildReadme_default || function (","            options,","            onError","        ) {","        /*","         * this function will test buildReadme's default handling-behavior-behavior","         */","            options = {};","            local.buildReadme(options, onError);","        };","","        local.testCase_buildTest_default = local.testCase_buildTest_default || function (","            options,","            onError","        ) {","        /*","         * this function will test buildTest's default handling-behavior","         */","            options = {};","            local.buildTest(options, onError);","        };","","        local.testCase_webpage_default = local.testCase_webpage_default || function (","            options,","            onError","        ) {","        /*","         * this function will test webpage's default handling-behavior","         */","            options = { modeCoverageMerge: true, url: local.serverLocalHost + '?modeTest=1' };","            local.browserTest(options, onError);","        };","","        // run test-server","        local.testRunServer(local);","        break;","    }","}());",""],"l":{"12":2,"14":2,"19":2,"21":2,"23":2,"24":2,"25":2,"30":1,"37":2,"40":2,"43":1,"47":1,"50":1,"52":1,"55":2,"61":2,"62":2,"64":2,"70":1,"76":1,"82":2,"83":2,"85":2,"91":1,"98":1,"102":1,"105":1,"112":1,"119":1,"120":1,"123":1,"130":1,"131":1,"132":1,"133":1,"134":1,"135":1,"138":1,"143":2,"144":2,"147":1,"154":2,"155":2,"158":1,"165":2,"166":2,"169":1,"176":2,"177":2,"180":1,"187":1,"188":1,"192":1,"193":1}},"/home/travis/build/npmtest/node-npmtest-mailin/lib.npmtest_mailin.js":{"path":"/home/travis/build/npmtest/node-npmtest-mailin/lib.npmtest_mailin.js","s":{"1":2,"2":2,"3":2,"4":2,"5":2,"6":2,"7":2,"8":1,"9":2,"10":2,"11":2,"12":2,"13":1,"14":1,"15":1,"16":1},"b":{"1":[2,1,1,1],"2":[1,1,1,1],"3":[1,1],"4":[2,2],"5":[1,1]},"f":{"1":2,"2":2,"3":2},"fnMap":{"1":{"name":"(anonymous_1)","line":12,"loc":{"start":{"line":12,"column":1},"end":{"line":12,"column":13}}},"2":{"name":"(anonymous_2)","line":19,"loc":{"start":{"line":19,"column":5},"end":{"line":19,"column":17}}},"3":{"name":"(anonymous_3)","line":23,"loc":{"start":{"line":23,"column":24},"end":{"line":23,"column":36}}}},"statementMap":{"1":{"start":{"line":12,"column":0},"end":{"line":53,"column":5}},"2":{"start":{"line":14,"column":4},"end":{"line":14,"column":14}},"3":{"start":{"line":19,"column":4},"end":{"line":52,"column":9}},"4":{"start":{"line":21,"column":8},"end":{"line":21,"column":19}},"5":{"start":{"line":23,"column":8},"end":{"line":35,"column":13}},"6":{"start":{"line":24,"column":12},"end":{"line":34,"column":13}},"7":{"start":{"line":25,"column":16},"end":{"line":28,"column":30}},"8":{"start":{"line":30,"column":16},"end":{"line":33,"column":27}},"9":{"start":{"line":37,"column":8},"end":{"line":39,"column":21}},"10":{"start":{"line":41,"column":8},"end":{"line":41,"column":54}},"11":{"start":{"line":43,"column":8},"end":{"line":43,"column":51}},"12":{"start":{"line":45,"column":8},"end":{"line":51,"column":9}},"13":{"start":{"line":46,"column":12},"end":{"line":46,"column":57}},"14":{"start":{"line":48,"column":12},"end":{"line":48,"column":35}},"15":{"start":{"line":49,"column":12},"end":{"line":49,"column":49}},"16":{"start":{"line":50,"column":12},"end":{"line":50,"column":43}}},"branchMap":{"1":{"line":25,"type":"binary-expr","locations":[{"start":{"line":25,"column":23},"end":{"line":25,"column":62}},{"start":{"line":26,"column":20},"end":{"line":26,"column":70}},{"start":{"line":27,"column":20},"end":{"line":27,"column":71}},{"start":{"line":28,"column":20},"end":{"line":28,"column":29}}]},"2":{"line":30,"type":"binary-expr","locations":[{"start":{"line":30,"column":23},"end":{"line":30,"column":37}},{"start":{"line":31,"column":20},"end":{"line":31,"column":61}},{"start":{"line":32,"column":20},"end":{"line":32,"column":70}},{"start":{"line":33,"column":20},"end":{"line":33,"column":26}}]},"3":{"line":37,"type":"cond-expr","locations":[{"start":{"line":38,"column":14},"end":{"line":38,"column":20}},{"start":{"line":39,"column":14},"end":{"line":39,"column":20}}]},"4":{"line":41,"type":"binary-expr","locations":[{"start":{"line":41,"column":16},"end":{"line":41,"column":44}},{"start":{"line":41,"column":48},"end":{"line":41,"column":53}}]},"5":{"line":45,"type":"if","locations":[{"start":{"line":45,"column":8},"end":{"line":45,"column":8}},{"start":{"line":45,"column":8},"end":{"line":45,"column":8}}]}},"code":["/* istanbul instrument in package npmtest_mailin */","/*jslint","    bitwise: true,","    browser: true,","    maxerr: 8,","    maxlen: 96,","    node: true,","    nomen: true,","    regexp: true,","    stupid: true","*/","(function () {","    'use strict';","    var local;","","","","    // run shared js-env code - pre-init","    (function () {","        // init local","        local = {};","        // init modeJs","        local.modeJs = (function () {","            try {","                return typeof navigator.userAgent === 'string' &&","                    typeof document.querySelector('body') === 'object' &&","                    typeof XMLHttpRequest.prototype.open === 'function' &&","                    'browser';","            } catch (errorCaughtBrowser) {","                return module.exports &&","                    typeof process.versions.node === 'string' &&","                    typeof require('http').createServer === 'function' &&","                    'node';","            }","        }());","        // init global","        local.global = local.modeJs === 'browser'","            ? window","            : global;","        // init utility2_rollup","        local = local.global.utility2_rollup || local;","        // init lib","        local.local = local.npmtest_mailin = local;","        // init exports","        if (local.modeJs === 'browser') {","            local.global.utility2_npmtest_mailin = local;","        } else {","            module.exports = local;","            module.exports.__dirname = __dirname;","            module.exports.module = module;","        }","    }());","}());",""],"l":{"12":2,"14":2,"19":2,"21":2,"23":2,"24":2,"25":2,"30":1,"37":2,"41":2,"43":2,"45":2,"46":1,"48":1,"49":1,"50":1}},"/home/travis/build/npmtest/node-npmtest-mailin/example.js":{"path":"/home/travis/build/npmtest/node-npmtest-mailin/example.js","s":{"1":2,"2":2,"3":2,"4":2,"5":2,"6":2,"7":2,"8":1,"9":2,"10":2,"11":2,"12":2,"13":1,"14":2,"15":2,"16":2,"17":2,"18":2,"19":0,"20":2,"21":1,"22":1,"23":1,"24":1,"25":1,"26":0,"27":0,"28":1,"29":1,"30":2,"31":0,"32":0,"33":0,"34":1,"35":2,"36":2,"37":3,"38":3,"39":3,"40":3,"41":0,"42":3,"43":3,"44":3,"45":1,"46":3,"47":1,"48":1,"49":1,"50":1,"51":1,"52":1,"53":1,"54":1,"55":1,"56":1,"57":0,"58":1,"59":6,"60":6,"61":1,"62":2,"63":0,"64":2,"65":1,"66":1,"67":0,"68":0,"69":0,"70":0,"71":0,"72":0,"73":0,"74":0,"75":0,"76":0,"77":0,"78":0,"79":0,"80":0,"81":0,"82":0,"83":0},"b":{"1":[2,1,1,1],"2":[1,1,1,1],"3":[1,1],"4":[2,2],"5":[1,1],"6":[1,1],"7":[2,0],"8":[2,1,1,1,1,1],"9":[0,2,0],"10":[1,1],"11":[2,1,1],"12":[1,0],"13":[0,2],"14":[2,0,0,0,0,0,0],"15":[0,3],"16":[3,0],"17":[1,1],"18":[0,1],"19":[1,2,0,2],"20":[1,0],"21":[1,1],"22":[0,0],"23":[0,0],"24":[0,0],"25":[0,0],"26":[0,0],"27":[0,0],"28":[0,0]},"f":{"1":2,"2":2,"3":2,"4":2,"5":2,"6":2,"7":3,"8":3,"9":3,"10":1,"11":6,"12":0},"fnMap":{"1":{"name":"(anonymous_1)","line":26,"loc":{"start":{"line":26,"column":1},"end":{"line":26,"column":13}}},"2":{"name":"(anonymous_2)","line":33,"loc":{"start":{"line":33,"column":5},"end":{"line":33,"column":17}}},"3":{"name":"(anonymous_3)","line":37,"loc":{"start":{"line":37,"column":24},"end":{"line":37,"column":36}}},"4":{"name":"(anonymous_4)","line":69,"loc":{"start":{"line":69,"column":31},"end":{"line":69,"column":48}},"skip":true},"5":{"name":"(anonymous_5)","line":78,"loc":{"start":{"line":78,"column":26},"end":{"line":78,"column":45}},"skip":true},"6":{"name":"(anonymous_6)","line":123,"loc":{"start":{"line":123,"column":33},"end":{"line":123,"column":48}},"skip":true},"7":{"name":"(anonymous_7)","line":125,"loc":{"start":{"line":125,"column":27},"end":{"line":125,"column":39}},"skip":true},"8":{"name":"(anonymous_8)","line":133,"loc":{"start":{"line":133,"column":59},"end":{"line":133,"column":74}},"skip":true},"9":{"name":"(anonymous_9)","line":143,"loc":{"start":{"line":143,"column":45},"end":{"line":143,"column":62}},"skip":true},"10":{"name":"(anonymous_10)","line":144,"loc":{"start":{"line":144,"column":73},"end":{"line":144,"column":92}},"skip":true},"11":{"name":"(anonymous_11)","line":272,"loc":{"start":{"line":272,"column":51},"end":{"line":272,"column":77}},"skip":true},"12":{"name":"(anonymous_12)","line":315,"loc":{"start":{"line":315,"column":32},"end":{"line":315,"column":61}},"skip":true}},"statementMap":{"1":{"start":{"line":26,"column":0},"end":{"line":326,"column":5}},"2":{"start":{"line":28,"column":4},"end":{"line":28,"column":14}},"3":{"start":{"line":33,"column":4},"end":{"line":60,"column":9}},"4":{"start":{"line":35,"column":8},"end":{"line":35,"column":19}},"5":{"start":{"line":37,"column":8},"end":{"line":49,"column":13}},"6":{"start":{"line":38,"column":12},"end":{"line":48,"column":13}},"7":{"start":{"line":39,"column":16},"end":{"line":42,"column":30}},"8":{"start":{"line":44,"column":16},"end":{"line":47,"column":27}},"9":{"start":{"line":51,"column":8},"end":{"line":53,"column":21}},"10":{"start":{"line":55,"column":8},"end":{"line":57,"column":45}},"11":{"start":{"line":59,"column":8},"end":{"line":59,"column":35}},"12":{"start":{"line":61,"column":4},"end":{"line":325,"column":5}},"13":{"start":{"line":69,"column":8},"end":{"line":121,"column":10},"skip":true},"14":{"start":{"line":70,"column":12},"end":{"line":88,"column":13},"skip":true},"15":{"start":{"line":76,"column":16},"end":{"line":87,"column":19},"skip":true},"16":{"start":{"line":79,"column":20},"end":{"line":86,"column":21},"skip":true},"17":{"start":{"line":82,"column":24},"end":{"line":82,"column":43},"skip":true},"18":{"start":{"line":83,"column":24},"end":{"line":83,"column":30},"skip":true},"19":{"start":{"line":85,"column":24},"end":{"line":85,"column":49},"skip":true},"20":{"start":{"line":89,"column":12},"end":{"line":107,"column":13},"skip":true},"21":{"start":{"line":92,"column":16},"end":{"line":102,"column":17},"skip":true},"22":{"start":{"line":93,"column":20},"end":{"line":93,"column":86},"skip":true},"23":{"start":{"line":94,"column":20},"end":{"line":95,"column":45},"skip":true},"24":{"start":{"line":96,"column":20},"end":{"line":96,"column":42},"skip":true},"25":{"start":{"line":97,"column":20},"end":{"line":97,"column":48},"skip":true},"26":{"start":{"line":100,"column":20},"end":{"line":100,"column":85},"skip":true},"27":{"start":{"line":101,"column":20},"end":{"line":101,"column":96},"skip":true},"28":{"start":{"line":103,"column":16},"end":{"line":103,"column":22},"skip":true},"29":{"start":{"line":106,"column":16},"end":{"line":106,"column":22},"skip":true},"30":{"start":{"line":108,"column":12},"end":{"line":120,"column":13},"skip":true},"31":{"start":{"line":114,"column":16},"end":{"line":119,"column":17},"skip":true},"32":{"start":{"line":116,"column":20},"end":{"line":116,"column":78},"skip":true},"33":{"start":{"line":118,"column":20},"end":{"line":118,"column":47},"skip":true},"34":{"start":{"line":123,"column":8},"end":{"line":141,"column":11},"skip":true},"35":{"start":{"line":124,"column":12},"end":{"line":124,"column":54},"skip":true},"36":{"start":{"line":125,"column":12},"end":{"line":140,"column":14},"skip":true},"37":{"start":{"line":126,"column":16},"end":{"line":126,"column":28},"skip":true},"38":{"start":{"line":127,"column":16},"end":{"line":127,"column":69},"skip":true},"39":{"start":{"line":128,"column":16},"end":{"line":128,"column":75},"skip":true},"40":{"start":{"line":129,"column":16},"end":{"line":131,"column":17},"skip":true},"41":{"start":{"line":130,"column":20},"end":{"line":130,"column":27},"skip":true},"42":{"start":{"line":133,"column":16},"end":{"line":137,"column":36},"skip":true},"43":{"start":{"line":134,"column":20},"end":{"line":136,"column":55},"skip":true},"44":{"start":{"line":139,"column":16},"end":{"line":139,"column":57},"skip":true},"45":{"start":{"line":143,"column":8},"end":{"line":147,"column":11},"skip":true},"46":{"start":{"line":144,"column":12},"end":{"line":146,"column":15},"skip":true},"47":{"start":{"line":145,"column":16},"end":{"line":145,"column":70},"skip":true},"48":{"start":{"line":149,"column":8},"end":{"line":149,"column":31},"skip":true},"49":{"start":{"line":150,"column":8},"end":{"line":150,"column":14},"skip":true},"50":{"start":{"line":158,"column":8},"end":{"line":158,"column":31},"skip":true},"51":{"start":{"line":160,"column":8},"end":{"line":160,"column":33},"skip":true},"52":{"start":{"line":161,"column":8},"end":{"line":161,"column":37},"skip":true},"53":{"start":{"line":162,"column":8},"end":{"line":162,"column":35},"skip":true},"54":{"start":{"line":164,"column":8},"end":{"line":164,"column":50},"skip":true},"55":{"start":{"line":166,"column":8},"end":{"line":256,"column":2},"skip":true},"56":{"start":{"line":258,"column":8},"end":{"line":286,"column":9},"skip":true},"57":{"start":{"line":259,"column":12},"end":{"line":269,"column":14},"skip":true},"58":{"start":{"line":271,"column":12},"end":{"line":285,"column":19},"skip":true},"59":{"start":{"line":274,"column":20},"end":{"line":274,"column":35},"skip":true},"60":{"start":{"line":275,"column":20},"end":{"line":284,"column":21},"skip":true},"61":{"start":{"line":277,"column":24},"end":{"line":277,"column":64},"skip":true},"62":{"start":{"line":279,"column":24},"end":{"line":279,"column":40},"skip":true},"63":{"start":{"line":281,"column":24},"end":{"line":281,"column":40},"skip":true},"64":{"start":{"line":283,"column":24},"end":{"line":283,"column":39},"skip":true},"65":{"start":{"line":288,"column":8},"end":{"line":290,"column":9},"skip":true},"66":{"start":{"line":289,"column":12},"end":{"line":289,"column":18},"skip":true},"67":{"start":{"line":291,"column":8},"end":{"line":293,"column":54},"skip":true},"68":{"start":{"line":296,"column":8},"end":{"line":301,"column":37},"skip":true},"69":{"start":{"line":303,"column":8},"end":{"line":303,"column":82},"skip":true},"70":{"start":{"line":306,"column":8},"end":{"line":308,"column":9},"skip":true},"71":{"start":{"line":307,"column":12},"end":{"line":307,"column":82},"skip":true},"72":{"start":{"line":310,"column":8},"end":{"line":312,"column":9},"skip":true},"73":{"start":{"line":311,"column":12},"end":{"line":311,"column":18},"skip":true},"74":{"start":{"line":313,"column":8},"end":{"line":313,"column":54},"skip":true},"75":{"start":{"line":314,"column":8},"end":{"line":314,"column":69},"skip":true},"76":{"start":{"line":315,"column":8},"end":{"line":323,"column":36},"skip":true},"77":{"start":{"line":316,"column":12},"end":{"line":316,"column":61},"skip":true},"78":{"start":{"line":317,"column":12},"end":{"line":320,"column":13},"skip":true},"79":{"start":{"line":318,"column":16},"end":{"line":318,"column":75},"skip":true},"80":{"start":{"line":319,"column":16},"end":{"line":319,"column":23},"skip":true},"81":{"start":{"line":321,"column":12},"end":{"line":321,"column":38},"skip":true},"82":{"start":{"line":322,"column":12},"end":{"line":322,"column":27},"skip":true},"83":{"start":{"line":324,"column":8},"end":{"line":324,"column":14},"skip":true}},"branchMap":{"1":{"line":39,"type":"binary-expr","locations":[{"start":{"line":39,"column":23},"end":{"line":39,"column":62}},{"start":{"line":40,"column":20},"end":{"line":40,"column":70}},{"start":{"line":41,"column":20},"end":{"line":41,"column":71}},{"start":{"line":42,"column":20},"end":{"line":42,"column":29}}]},"2":{"line":44,"type":"binary-expr","locations":[{"start":{"line":44,"column":23},"end":{"line":44,"column":37}},{"start":{"line":45,"column":20},"end":{"line":45,"column":61}},{"start":{"line":46,"column":20},"end":{"line":46,"column":70}},{"start":{"line":47,"column":20},"end":{"line":47,"column":26}}]},"3":{"line":51,"type":"cond-expr","locations":[{"start":{"line":52,"column":14},"end":{"line":52,"column":20}},{"start":{"line":53,"column":14},"end":{"line":53,"column":20}}]},"4":{"line":55,"type":"binary-expr","locations":[{"start":{"line":55,"column":16},"end":{"line":55,"column":44}},{"start":{"line":55,"column":49},"end":{"line":57,"column":43}}]},"5":{"line":55,"type":"cond-expr","locations":[{"start":{"line":56,"column":14},"end":{"line":56,"column":50}},{"start":{"line":57,"column":14},"end":{"line":57,"column":43}}]},"6":{"line":61,"type":"switch","locations":[{"start":{"line":68,"column":4},"end":{"line":150,"column":14},"skip":true},{"start":{"line":156,"column":4},"end":{"line":324,"column":14},"skip":true}]},"7":{"line":70,"type":"if","locations":[{"start":{"line":70,"column":12},"end":{"line":70,"column":12},"skip":true},{"start":{"line":70,"column":12},"end":{"line":70,"column":12},"skip":true}]},"8":{"line":70,"type":"binary-expr","locations":[{"start":{"line":70,"column":16},"end":{"line":70,"column":22},"skip":true},{"start":{"line":70,"column":27},"end":{"line":70,"column":32},"skip":true},{"start":{"line":71,"column":20},"end":{"line":71,"column":39},"skip":true},{"start":{"line":72,"column":20},"end":{"line":72,"column":49},"skip":true},{"start":{"line":73,"column":20},"end":{"line":73,"column":58},"skip":true},{"start":{"line":74,"column":20},"end":{"line":74,"column":69},"skip":true}]},"9":{"line":79,"type":"switch","locations":[{"start":{"line":80,"column":20},"end":{"line":80,"column":33},"skip":true},{"start":{"line":81,"column":20},"end":{"line":83,"column":30},"skip":true},{"start":{"line":84,"column":20},"end":{"line":85,"column":49},"skip":true}]},"10":{"line":89,"type":"switch","locations":[{"start":{"line":90,"column":12},"end":{"line":103,"column":22},"skip":true},{"start":{"line":105,"column":12},"end":{"line":106,"column":22},"skip":true}]},"11":{"line":89,"type":"binary-expr","locations":[{"start":{"line":89,"column":20},"end":{"line":89,"column":25},"skip":true},{"start":{"line":89,"column":29},"end":{"line":89,"column":48},"skip":true},{"start":{"line":89,"column":52},"end":{"line":89,"column":74},"skip":true}]},"12":{"line":92,"type":"if","locations":[{"start":{"line":92,"column":16},"end":{"line":92,"column":16},"skip":true},{"start":{"line":92,"column":16},"end":{"line":92,"column":16},"skip":true}]},"13":{"line":108,"type":"if","locations":[{"start":{"line":108,"column":12},"end":{"line":108,"column":12},"skip":true},{"start":{"line":108,"column":12},"end":{"line":108,"column":12},"skip":true}]},"14":{"line":108,"type":"binary-expr","locations":[{"start":{"line":108,"column":16},"end":{"line":108,"column":61},"skip":true},{"start":{"line":108,"column":66},"end":{"line":108,"column":72},"skip":true},{"start":{"line":108,"column":77},"end":{"line":108,"column":82},"skip":true},{"start":{"line":109,"column":20},"end":{"line":109,"column":39},"skip":true},{"start":{"line":110,"column":20},"end":{"line":110,"column":49},"skip":true},{"start":{"line":111,"column":20},"end":{"line":111,"column":58},"skip":true},{"start":{"line":112,"column":20},"end":{"line":112,"column":68},"skip":true}]},"15":{"line":129,"type":"if","locations":[{"start":{"line":129,"column":16},"end":{"line":129,"column":16},"skip":true},{"start":{"line":129,"column":16},"end":{"line":129,"column":16},"skip":true}]},"16":{"line":134,"type":"cond-expr","locations":[{"start":{"line":135,"column":26},"end":{"line":135,"column":29},"skip":true},{"start":{"line":136,"column":26},"end":{"line":136,"column":54},"skip":true}]},"17":{"line":164,"type":"binary-expr","locations":[{"start":{"line":164,"column":27},"end":{"line":164,"column":43},"skip":true},{"start":{"line":164,"column":47},"end":{"line":164,"column":49},"skip":true}]},"18":{"line":258,"type":"if","locations":[{"start":{"line":258,"column":8},"end":{"line":258,"column":8},"skip":true},{"start":{"line":258,"column":8},"end":{"line":258,"column":8},"skip":true}]},"19":{"line":275,"type":"switch","locations":[{"start":{"line":276,"column":20},"end":{"line":277,"column":64},"skip":true},{"start":{"line":278,"column":20},"end":{"line":279,"column":40},"skip":true},{"start":{"line":280,"column":20},"end":{"line":281,"column":40},"skip":true},{"start":{"line":282,"column":20},"end":{"line":283,"column":39},"skip":true}]},"20":{"line":288,"type":"if","locations":[{"start":{"line":288,"column":8},"end":{"line":288,"column":8},"skip":true},{"start":{"line":288,"column":8},"end":{"line":288,"column":8},"skip":true}]},"21":{"line":288,"type":"binary-expr","locations":[{"start":{"line":288,"column":12},"end":{"line":288,"column":40},"skip":true},{"start":{"line":288,"column":44},"end":{"line":288,"column":67},"skip":true}]},"22":{"line":292,"type":"binary-expr","locations":[{"start":{"line":292,"column":12},"end":{"line":292,"column":50},"skip":true},{"start":{"line":293,"column":12},"end":{"line":293,"column":53},"skip":true}]},"23":{"line":297,"type":"binary-expr","locations":[{"start":{"line":297,"column":12},"end":{"line":297,"column":64},"skip":true},{"start":{"line":298,"column":12},"end":{"line":301,"column":36},"skip":true}]},"24":{"line":303,"type":"binary-expr","locations":[{"start":{"line":303,"column":43},"end":{"line":303,"column":75},"skip":true},{"start":{"line":303,"column":79},"end":{"line":303,"column":81},"skip":true}]},"25":{"line":306,"type":"if","locations":[{"start":{"line":306,"column":8},"end":{"line":306,"column":8},"skip":true},{"start":{"line":306,"column":8},"end":{"line":306,"column":8},"skip":true}]},"26":{"line":310,"type":"if","locations":[{"start":{"line":310,"column":8},"end":{"line":310,"column":8},"skip":true},{"start":{"line":310,"column":8},"end":{"line":310,"column":8},"skip":true}]},"27":{"line":313,"type":"binary-expr","locations":[{"start":{"line":313,"column":27},"end":{"line":313,"column":43},"skip":true},{"start":{"line":313,"column":47},"end":{"line":313,"column":53},"skip":true}]},"28":{"line":317,"type":"if","locations":[{"start":{"line":317,"column":12},"end":{"line":317,"column":12},"skip":true},{"start":{"line":317,"column":12},"end":{"line":317,"column":12},"skip":true}]}},"code":["/*","example.js","","quickstart example","","instruction","    1. save this script as example.js","    2. run the shell command:","        $ npm install npmtest-mailin && PORT=8081 node example.js","    3. play with the browser-demo on http://127.0.0.1:8081","*/","","","","/* istanbul instrument in package npmtest_mailin */","/*jslint","    bitwise: true,","    browser: true,","    maxerr: 8,","    maxlen: 96,","    node: true,","    nomen: true,","    regexp: true,","    stupid: true","*/","(function () {","    'use strict';","    var local;","","","","    // run shared js-env code - pre-init","    (function () {","        // init local","        local = {};","        // init modeJs","        local.modeJs = (function () {","            try {","                return typeof navigator.userAgent === 'string' &&","                    typeof document.querySelector('body') === 'object' &&","                    typeof XMLHttpRequest.prototype.open === 'function' &&","                    'browser';","            } catch (errorCaughtBrowser) {","                return module.exports &&","                    typeof process.versions.node === 'string' &&","                    typeof require('http').createServer === 'function' &&","                    'node';","            }","        }());","        // init global","        local.global = local.modeJs === 'browser'","            ? window","            : global;","        // init utility2_rollup","        local = local.global.utility2_rollup || (local.modeJs === 'browser'","            ? local.global.utility2_npmtest_mailin","            : global.utility2_moduleExports);","        // export local","        local.global.local = local;","    }());","    switch (local.modeJs) {","","","","    // post-init","    // run browser js-env code - post-init","    /* istanbul ignore next */","    case 'browser':","        local.testRunBrowser = function (event) {","            if (!event || (event &&","                    event.currentTarget &&","                    event.currentTarget.className &&","                    event.currentTarget.className.includes &&","                    event.currentTarget.className.includes('onreset'))) {","                // reset output","                Array.from(","                    document.querySelectorAll('body > .resettable')","                ).forEach(function (element) {","                    switch (element.tagName) {","                    case 'INPUT':","                    case 'TEXTAREA':","                        element.value = '';","                        break;","                    default:","                        element.textContent = '';","                    }","                });","            }","            switch (event && event.currentTarget && event.currentTarget.id) {","            case 'testRunButton1':","                // show tests","                if (document.querySelector('#testReportDiv1').style.display === 'none') {","                    document.querySelector('#testReportDiv1').style.display = 'block';","                    document.querySelector('#testRunButton1').textContent =","                        'hide internal test';","                    local.modeTest = true;","                    local.testRunDefault(local);","                // hide tests","                } else {","                    document.querySelector('#testReportDiv1').style.display = 'none';","                    document.querySelector('#testRunButton1').textContent = 'run internal test';","                }","                break;","            // custom-case","            default:","                break;","            }","            if (document.querySelector('#inputTextareaEval1') && (!event || (event &&","                    event.currentTarget &&","                    event.currentTarget.className &&","                    event.currentTarget.className.includes &&","                    event.currentTarget.className.includes('oneval')))) {","                // try to eval input-code","                try {","                    /*jslint evil: true*/","                    eval(document.querySelector('#inputTextareaEval1').value);","                } catch (errorCaught) {","                    console.error(errorCaught);","                }","            }","        };","        // log stderr and stdout to #outputTextareaStdout1","        ['error', 'log'].forEach(function (key) {","            console[key + '_original'] = console[key];","            console[key] = function () {","                var element;","                console[key + '_original'].apply(console, arguments);","                element = document.querySelector('#outputTextareaStdout1');","                if (!element) {","                    return;","                }","                // append text to #outputTextareaStdout1","                element.value += Array.from(arguments).map(function (arg) {","                    return typeof arg === 'string'","                        ? arg","                        : JSON.stringify(arg, null, 4);","                }).join(' ') + '\\n';","                // scroll textarea to bottom","                element.scrollTop = element.scrollHeight;","            };","        });","        // init event-handling","        ['change', 'click', 'keyup'].forEach(function (event) {","            Array.from(document.querySelectorAll('.on' + event)).forEach(function (element) {","                element.addEventListener(event, local.testRunBrowser);","            });","        });","        // run tests","        local.testRunBrowser();","        break;","","","","    // run node js-env code - post-init","    /* istanbul ignore next */","    case 'node':","        // export local","        module.exports = local;","        // require modules","        local.fs = require('fs');","        local.http = require('http');","        local.url = require('url');","        // init assets","        local.assetsDict = local.assetsDict || {};","        /* jslint-ignore-begin */","        local.assetsDict['/assets.index.template.html'] = '\\","<!doctype html>\\n\\","<html lang=\"en\">\\n\\","<head>\\n\\","<meta charset=\"UTF-8\">\\n\\","<meta name=\"viewport\" content=\"width=device-width, initial-scale=1\">\\n\\","<title>{{env.npm_package_name}} (v{{env.npm_package_version}})</title>\\n\\","<style>\\n\\","/*csslint\\n\\","    box-sizing: false,\\n\\","    universal-selector: false\\n\\","*/\\n\\","* {\\n\\","    box-sizing: border-box;\\n\\","}\\n\\","body {\\n\\","    background: #dde;\\n\\","    font-family: Arial, Helvetica, sans-serif;\\n\\","    margin: 2rem;\\n\\","}\\n\\","body > * {\\n\\","    margin-bottom: 1rem;\\n\\","}\\n\\",".utility2FooterDiv {\\n\\","    margin-top: 20px;\\n\\","    text-align: center;\\n\\","}\\n\\","</style>\\n\\","<style>\\n\\","/*csslint\\n\\","*/\\n\\","textarea {\\n\\","    font-family: monospace;\\n\\","    height: 10rem;\\n\\","    width: 100%;\\n\\","}\\n\\","textarea[readonly] {\\n\\","    background: #ddd;\\n\\","}\\n\\","</style>\\n\\","</head>\\n\\","<body>\\n\\","<!-- utility2-comment\\n\\","<div id=\"ajaxProgressDiv1\" style=\"background: #d00; height: 2px; left: 0; margin: 0; padding: 0; position: fixed; top: 0; transition: background 0.5s, width 1.5s; width: 25%;\"></div>\\n\\","utility2-comment -->\\n\\","<h1>\\n\\","<!-- utility2-comment\\n\\","    <a\\n\\","        {{#if env.npm_package_homepage}}\\n\\","        href=\"{{env.npm_package_homepage}}\"\\n\\","        {{/if env.npm_package_homepage}}\\n\\","        target=\"_blank\"\\n\\","    >\\n\\","utility2-comment -->\\n\\","        {{env.npm_package_name}} (v{{env.npm_package_version}})\\n\\","<!-- utility2-comment\\n\\","    </a>\\n\\","utility2-comment -->\\n\\","</h1>\\n\\","<h3>{{env.npm_package_description}}</h3>\\n\\","<!-- utility2-comment\\n\\","<h4><a download href=\"assets.app.js\">download standalone app</a></h4>\\n\\","<button class=\"onclick onreset\" id=\"testRunButton1\">run internal test</button><br>\\n\\","<div id=\"testReportDiv1\" style=\"display: none;\"></div>\\n\\","utility2-comment -->\\n\\","\\n\\","\\n\\","\\n\\","<label>stderr and stdout</label>\\n\\","<textarea class=\"resettable\" id=\"outputTextareaStdout1\" readonly></textarea>\\n\\","<!-- utility2-comment\\n\\","{{#if isRollup}}\\n\\","<script src=\"assets.app.js\"></script>\\n\\","{{#unless isRollup}}\\n\\","utility2-comment -->\\n\\","<script src=\"assets.utility2.rollup.js\"></script>\\n\\","<script src=\"jsonp.utility2._stateInit?callback=window.utility2._stateInit\"></script>\\n\\","<script src=\"assets.npmtest_mailin.rollup.js\"></script>\\n\\","<script src=\"assets.example.js\"></script>\\n\\","<script src=\"assets.test.js\"></script>\\n\\","<!-- utility2-comment\\n\\","{{/if isRollup}}\\n\\","utility2-comment -->\\n\\","<div class=\"utility2FooterDiv\">\\n\\","    [ this app was created with\\n\\","    <a href=\"https://github.com/kaizhu256/node-utility2\" target=\"_blank\">utility2</a>\\n\\","    ]\\n\\","</div>\\n\\","</body>\\n\\","</html>\\n\\","';","        /* jslint-ignore-end */","        if (local.templateRender) {","            local.assetsDict['/'] = local.templateRender(","                local.assetsDict['/assets.index.template.html'],","                {","                    env: local.objectSetDefault(local.env, {","                        npm_package_description: 'the greatest app in the world!',","                        npm_package_name: 'my-app',","                        npm_package_nameAlias: 'my_app',","                        npm_package_version: '0.0.1'","                    })","                }","            );","        } else {","            local.assetsDict['/'] = local.assetsDict['/assets.index.template.html']","                .replace((/\\{\\{env\\.(\\w+?)\\}\\}/g), function (match0, match1) {","                    // jslint-hack","                    String(match0);","                    switch (match1) {","                    case 'npm_package_description':","                        return 'the greatest app in the world!';","                    case 'npm_package_name':","                        return 'my-app';","                    case 'npm_package_nameAlias':","                        return 'my_app';","                    case 'npm_package_version':","                        return '0.0.1';","                    }","                });","        }","        // run the cli","        if (local.global.utility2_rollup || module !== require.main) {","            break;","        }","        local.assetsDict['/assets.example.js'] =","            local.assetsDict['/assets.example.js'] ||","            local.fs.readFileSync(__filename, 'utf8');","        // bug-workaround - long $npm_package_buildCustomOrg","        /* jslint-ignore-begin */","        local.assetsDict['/assets.npmtest_mailin.rollup.js'] =","            local.assetsDict['/assets.npmtest_mailin.rollup.js'] ||","            local.fs.readFileSync(","                local.npmtest_mailin.__dirname + '/lib.npmtest_mailin.js',","                'utf8'","            ).replace((/^#!/), '//');","        /* jslint-ignore-end */","        local.assetsDict['/favicon.ico'] = local.assetsDict['/favicon.ico'] || '';","        // if $npm_config_timeout_exit exists,","        // then exit this process after $npm_config_timeout_exit ms","        if (Number(process.env.npm_config_timeout_exit)) {","            setTimeout(process.exit, Number(process.env.npm_config_timeout_exit));","        }","        // start server","        if (local.global.utility2_serverHttp1) {","            break;","        }","        process.env.PORT = process.env.PORT || '8081';","        console.error('server starting on port ' + process.env.PORT);","        local.http.createServer(function (request, response) {","            request.urlParsed = local.url.parse(request.url);","            if (local.assetsDict[request.urlParsed.pathname] !== undefined) {","                response.end(local.assetsDict[request.urlParsed.pathname]);","                return;","            }","            response.statusCode = 404;","            response.end();","        }).listen(process.env.PORT);","        break;","    }","}());",""],"l":{"26":2,"28":2,"33":2,"35":2,"37":2,"38":2,"39":2,"44":1,"51":2,"55":2,"59":2,"61":2,"69":1,"70":2,"76":2,"79":2,"82":2,"83":2,"85":1,"89":2,"92":1,"93":1,"94":1,"96":1,"97":1,"100":1,"101":1,"103":1,"106":1,"108":2,"114":1,"116":1,"118":1,"123":1,"124":2,"125":2,"126":3,"127":3,"128":3,"129":3,"130":1,"133":3,"134":3,"139":3,"143":1,"144":3,"145":1,"149":1,"150":1,"158":1,"160":1,"161":1,"162":1,"164":1,"166":1,"258":1,"259":1,"271":1,"274":6,"275":6,"277":1,"279":2,"281":1,"283":2,"288":1,"289":1,"291":1,"296":1,"303":1,"306":1,"307":1,"310":1,"311":1,"313":1,"314":1,"315":1,"316":1,"317":1,"318":1,"319":1,"321":1,"322":1,"324":1}},"/home/travis/build/npmtest/node-npmtest-mailin/node_modules/mailin/index.js":{"path":"/home/travis/build/npmtest/node-npmtest-mailin/node_modules/mailin/index.js","s":{"1":1,"2":1,"3":1,"4":0,"5":1,"6":1},"b":{"1":[0,1],"2":[1,1]},"f":{},"fnMap":{},"statementMap":{"1":{"start":{"line":2,"column":0},"end":{"line":2,"column":31}},"2":{"start":{"line":3,"column":0},"end":{"line":3,"column":36}},"3":{"start":{"line":6,"column":0},"end":{"line":14,"column":1}},"4":{"start":{"line":8,"column":4},"end":{"line":13,"column":52}},"5":{"start":{"line":16,"column":0},"end":{"line":16,"column":37}},"6":{"start":{"line":17,"column":0},"end":{"line":17,"column":24}}},"branchMap":{"1":{"line":6,"type":"if","locations":[{"start":{"line":6,"column":0},"end":{"line":6,"column":0}},{"start":{"line":6,"column":0},"end":{"line":6,"column":0}}]},"2":{"line":6,"type":"binary-expr","locations":[{"start":{"line":6,"column":4},"end":{"line":6,"column":49}},{"start":{"line":7,"column":4},"end":{"line":7,"column":49}}]}},"code":["'use strict';","var semver = require('semver');","var pkg = require('./package.json');","","/* Check compatibility with versions of node and iojs. */","if (!semver.satisfies(process.version, '~0.12.0') &&","    !semver.satisfies(process.version, '>=2.0.0')) {","    console.log('\\n*****\\nYour current node version (' + process.version +","        ') is not compatible with Mailin v' + pkg.version +","        ' which requires ' + pkg.engine +","        '.\\nIf you are running an older version of node, please consider installing ' +","        'Mailin ^2.0.0 (npm install mailin@2.0.0).\\n' +","        'Love,\\nthe Mailin maintainers. \\n*****\\n');","}","","var mailin = require('./lib/mailin');","module.exports = mailin;",""],"l":{"2":1,"3":1,"6":1,"8":0,"16":1,"17":1}},"/home/travis/build/npmtest/node-npmtest-mailin/node_modules/mailin/lib/mailin.js":{"path":"/home/travis/build/npmtest/node-npmtest-mailin/node_modules/mailin/lib/mailin.js","s":{"1":1,"2":1,"3":1,"4":1,"5":1,"6":1,"7":1,"8":1,"9":1,"10":1,"11":1,"12":1,"13":1,"14":1,"15":1,"16":1,"17":1,"18":1,"19":1,"20":1,"21":1,"22":1,"23":1,"24":1,"25":1,"26":1,"27":0,"28":0,"29":1,"30":1,"31":1,"32":1,"33":1,"34":0,"35":1,"36":1,"37":1,"38":1,"39":1,"40":0,"41":0,"42":1,"43":0,"44":0,"45":0,"46":1,"47":0,"48":0,"49":0,"50":0,"51":0,"52":0,"53":1,"54":1,"55":1,"56":1,"57":1,"58":0,"59":1,"60":0,"61":0,"62":0,"63":0,"64":0,"65":0,"66":0,"67":0,"68":0,"69":0,"70":0,"71":0,"72":0,"73":0,"74":0,"75":0,"76":0,"77":0,"78":0,"79":0,"80":0,"81":0,"82":0,"83":0,"84":0,"85":0,"86":0,"87":0,"88":0,"89":0,"90":0,"91":0,"92":0,"93":0,"94":0,"95":0,"96":0,"97":0,"98":0,"99":1,"100":0,"101":0,"102":0,"103":0,"104":0,"105":0,"106":0,"107":1,"108":0,"109":0,"110":1,"111":0,"112":0,"113":0,"114":0,"115":0,"116":0,"117":0,"118":1,"119":0,"120":0,"121":0,"122":0,"123":0,"124":0,"125":0,"126":1,"127":0,"128":0,"129":0,"130":0,"131":0,"132":0,"133":1,"134":0,"135":0,"136":0,"137":0,"138":0,"139":0,"140":0,"141":0,"142":0,"143":0,"144":0,"145":0,"146":0,"147":1,"148":0,"149":0,"150":0,"151":0,"152":0,"153":0,"154":0,"155":0,"156":0,"157":1,"158":0,"159":0,"160":0,"161":0,"162":0,"163":0,"164":0,"165":0,"166":0,"167":0,"168":0,"169":1,"170":0,"171":0,"172":0,"173":0,"174":0,"175":0,"176":0,"177":0,"178":0,"179":0,"180":0,"181":0,"182":0,"183":0,"184":0,"185":0,"186":0,"187":0,"188":0,"189":0,"190":0,"191":0,"192":0,"193":0,"194":1,"195":0,"196":0,"197":0,"198":1,"199":1,"200":0,"201":0,"202":0,"203":0,"204":0,"205":0,"206":0,"207":0,"208":0,"209":0,"210":0,"211":0,"212":0,"213":0,"214":0,"215":0,"216":0,"217":0,"218":0,"219":1,"220":0,"221":0,"222":1,"223":0,"224":0,"225":0,"226":0,"227":1,"228":0,"229":0,"230":0,"231":0,"232":1,"233":1,"234":1,"235":1,"236":0,"237":0,"238":0,"239":0,"240":0,"241":0,"242":0,"243":0,"244":0,"245":1,"246":0,"247":0,"248":1,"249":1,"250":1,"251":1,"252":1,"253":0,"254":0,"255":0,"256":0,"257":1,"258":0,"259":0,"260":0,"261":0,"262":1,"263":0,"264":1},"b":{"1":[1,0],"2":[0,1],"3":[1,0],"4":[0,1],"5":[1,0],"6":[1,0],"7":[0,1],"8":[0,1],"9":[0,1],"10":[1,0],"11":[1,0],"12":[1,0],"13":[0,0],"14":[0,0],"15":[0,0],"16":[0,0],"17":[0,0],"18":[0,0],"19":[0,0],"20":[0,0,0],"21":[0,0],"22":[0,0],"23":[0,0],"24":[0,0],"25":[0,0],"26":[0,0],"27":[0,0],"28":[0,0],"29":[0,0],"30":[0,0],"31":[0,0],"32":[0,0],"33":[0,0],"34":[0,0],"35":[0,0],"36":[0,0],"37":[0,0],"38":[0,0],"39":[0,0],"40":[1,0],"41":[0,0],"42":[0,0],"43":[0,0],"44":[0,0]},"f":{"1":1,"2":1,"3":0,"4":0,"5":1,"6":0,"7":0,"8":0,"9":0,"10":0,"11":0,"12":0,"13":0,"14":0,"15":0,"16":0,"17":0,"18":0,"19":0,"20":0,"21":0,"22":0,"23":0,"24":0,"25":0,"26":0,"27":0,"28":0,"29":0,"30":0,"31":0,"32":0,"33":0,"34":0,"35":0,"36":0,"37":0,"38":0,"39":0,"40":0,"41":0,"42":0,"43":0,"44":0,"45":0,"46":0,"47":0,"48":1,"49":0,"50":0,"51":0,"52":0},"fnMap":{"1":{"name":"(anonymous_1)","line":22,"loc":{"start":{"line":22,"column":13},"end":{"line":22,"column":25}}},"2":{"name":"(anonymous_2)","line":56,"loc":{"start":{"line":56,"column":25},"end":{"line":56,"column":54}}},"3":{"name":"(anonymous_3)","line":69,"loc":{"start":{"line":69,"column":27},"end":{"line":69,"column":39}}},"4":{"name":"(anonymous_4)","line":102,"loc":{"start":{"line":102,"column":20},"end":{"line":102,"column":32}}},"5":{"name":"(anonymous_5)","line":118,"loc":{"start":{"line":118,"column":17},"end":{"line":118,"column":38}}},"6":{"name":"validateAddress","line":128,"loc":{"start":{"line":128,"column":4},"end":{"line":128,"column":59}}},"7":{"name":"(anonymous_7)","line":129,"loc":{"start":{"line":129,"column":27},"end":{"line":129,"column":54}}},"8":{"name":"(anonymous_8)","line":161,"loc":{"start":{"line":161,"column":39},"end":{"line":161,"column":51}}},"9":{"name":"(anonymous_9)","line":163,"loc":{"start":{"line":163,"column":68},"end":{"line":163,"column":83}}},"10":{"name":"(anonymous_10)","line":176,"loc":{"start":{"line":176,"column":37},"end":{"line":176,"column":49}}},"11":{"name":"(anonymous_11)","line":178,"loc":{"start":{"line":178,"column":47},"end":{"line":178,"column":73}}},"12":{"name":"dataReady","line":202,"loc":{"start":{"line":202,"column":4},"end":{"line":202,"column":35}}},"13":{"name":"(anonymous_13)","line":206,"loc":{"start":{"line":206,"column":18},"end":{"line":206,"column":38}}},"14":{"name":"(anonymous_14)","line":215,"loc":{"start":{"line":215,"column":20},"end":{"line":215,"column":89}}},"15":{"name":"(anonymous_15)","line":229,"loc":{"start":{"line":229,"column":19},"end":{"line":229,"column":36}}},"16":{"name":"retrieveRawEmail","line":236,"loc":{"start":{"line":236,"column":4},"end":{"line":236,"column":42}}},"17":{"name":"(anonymous_17)","line":238,"loc":{"start":{"line":238,"column":18},"end":{"line":238,"column":38}}},"18":{"name":"validateDkim","line":243,"loc":{"start":{"line":243,"column":4},"end":{"line":243,"column":48}}},"19":{"name":"(anonymous_19)","line":251,"loc":{"start":{"line":251,"column":19},"end":{"line":251,"column":34}}},"20":{"name":"validateSpf","line":258,"loc":{"start":{"line":258,"column":4},"end":{"line":258,"column":37}}},"21":{"name":"(anonymous_21)","line":266,"loc":{"start":{"line":266,"column":19},"end":{"line":266,"column":34}}},"22":{"name":"computeSpamScore","line":273,"loc":{"start":{"line":273,"column":4},"end":{"line":273,"column":52}}},"23":{"name":"(anonymous_23)","line":279,"loc":{"start":{"line":279,"column":19},"end":{"line":279,"column":34}}},"24":{"name":"parseEmail","line":286,"loc":{"start":{"line":286,"column":4},"end":{"line":286,"column":36}}},"25":{"name":"(anonymous_25)","line":287,"loc":{"start":{"line":287,"column":27},"end":{"line":287,"column":46}}},"26":{"name":"(anonymous_26)","line":293,"loc":{"start":{"line":293,"column":33},"end":{"line":293,"column":49}}},"27":{"name":"detectLanguage","line":317,"loc":{"start":{"line":317,"column":4},"end":{"line":317,"column":46}}},"28":{"name":"finalizeMessage","line":338,"loc":{"start":{"line":338,"column":4},"end":{"line":338,"column":110}}},"29":{"name":"postWebhook","line":363,"loc":{"start":{"line":363,"column":4},"end":{"line":363,"column":55}}},"30":{"name":"(anonymous_30)","line":364,"loc":{"start":{"line":364,"column":27},"end":{"line":364,"column":46}}},"31":{"name":"(anonymous_31)","line":375,"loc":{"start":{"line":375,"column":49},"end":{"line":375,"column":71}}},"32":{"name":"(anonymous_32)","line":386,"loc":{"start":{"line":386,"column":49},"end":{"line":386,"column":74}}},"33":{"name":"(anonymous_33)","line":390,"loc":{"start":{"line":390,"column":20},"end":{"line":390,"column":41}}},"34":{"name":"unlinkFile","line":408,"loc":{"start":{"line":408,"column":4},"end":{"line":408,"column":36}}},"35":{"name":"(anonymous_35)","line":411,"loc":{"start":{"line":411,"column":18},"end":{"line":411,"column":30}}},"36":{"name":"onData","line":420,"loc":{"start":{"line":420,"column":4},"end":{"line":420,"column":47}}},"37":{"name":"(anonymous_37)","line":435,"loc":{"start":{"line":435,"column":26},"end":{"line":435,"column":43}}},"38":{"name":"(anonymous_38)","line":439,"loc":{"start":{"line":439,"column":25},"end":{"line":439,"column":37}}},"39":{"name":"(anonymous_39)","line":444,"loc":{"start":{"line":444,"column":27},"end":{"line":444,"column":39}}},"40":{"name":"(anonymous_40)","line":448,"loc":{"start":{"line":448,"column":27},"end":{"line":448,"column":44}}},"41":{"name":"onAuth","line":453,"loc":{"start":{"line":453,"column":4},"end":{"line":453,"column":51}}},"42":{"name":"onMailFrom","line":459,"loc":{"start":{"line":459,"column":4},"end":{"line":459,"column":58}}},"43":{"name":"(anonymous_43)","line":461,"loc":{"start":{"line":461,"column":18},"end":{"line":461,"column":33}}},"44":{"name":"onRcptTo","line":469,"loc":{"start":{"line":469,"column":4},"end":{"line":469,"column":56}}},"45":{"name":"(anonymous_45)","line":470,"loc":{"start":{"line":470,"column":18},"end":{"line":470,"column":33}}},"46":{"name":"(anonymous_46)","line":492,"loc":{"start":{"line":492,"column":58},"end":{"line":492,"column":73}}},"47":{"name":"(anonymous_47)","line":512,"loc":{"start":{"line":512,"column":23},"end":{"line":512,"column":35}}},"48":{"name":"(anonymous_48)","line":517,"loc":{"start":{"line":517,"column":23},"end":{"line":517,"column":40}}},"49":{"name":"(anonymous_49)","line":525,"loc":{"start":{"line":525,"column":24},"end":{"line":525,"column":44}}},"50":{"name":"(anonymous_50)","line":526,"loc":{"start":{"line":526,"column":27},"end":{"line":526,"column":39}}},"51":{"name":"(anonymous_51)","line":535,"loc":{"start":{"line":535,"column":38},"end":{"line":535,"column":54}}},"52":{"name":"(anonymous_52)","line":548,"loc":{"start":{"line":548,"column":38},"end":{"line":548,"column":54}}}},"statementMap":{"1":{"start":{"line":3,"column":0},"end":{"line":3,"column":47}},"2":{"start":{"line":4,"column":0},"end":{"line":4,"column":50}},"3":{"start":{"line":5,"column":0},"end":{"line":5,"column":26}},"4":{"start":{"line":6,"column":0},"end":{"line":6,"column":34}},"5":{"start":{"line":7,"column":0},"end":{"line":7,"column":41}},"6":{"start":{"line":8,"column":0},"end":{"line":8,"column":31}},"7":{"start":{"line":9,"column":0},"end":{"line":9,"column":45}},"8":{"start":{"line":10,"column":0},"end":{"line":10,"column":27}},"9":{"start":{"line":11,"column":0},"end":{"line":11,"column":36}},"10":{"start":{"line":12,"column":0},"end":{"line":12,"column":31}},"11":{"start":{"line":13,"column":0},"end":{"line":13,"column":27}},"12":{"start":{"line":14,"column":0},"end":{"line":14,"column":51}},"13":{"start":{"line":15,"column":0},"end":{"line":15,"column":32}},"14":{"start":{"line":16,"column":0},"end":{"line":16,"column":25}},"15":{"start":{"line":17,"column":0},"end":{"line":17,"column":31}},"16":{"start":{"line":19,"column":0},"end":{"line":19,"column":33}},"17":{"start":{"line":20,"column":0},"end":{"line":20,"column":69}},"18":{"start":{"line":22,"column":0},"end":{"line":53,"column":2}},"19":{"start":{"line":23,"column":4},"end":{"line":23,"column":35}},"20":{"start":{"line":26,"column":4},"end":{"line":46,"column":6}},"21":{"start":{"line":52,"column":4},"end":{"line":52,"column":22}},"22":{"start":{"line":54,"column":0},"end":{"line":54,"column":43}},"23":{"start":{"line":56,"column":0},"end":{"line":523,"column":2}},"24":{"start":{"line":57,"column":4},"end":{"line":57,"column":21}},"25":{"start":{"line":59,"column":4},"end":{"line":59,"column":28}},"26":{"start":{"line":60,"column":4},"end":{"line":63,"column":5}},"27":{"start":{"line":61,"column":8},"end":{"line":61,"column":27}},"28":{"start":{"line":62,"column":8},"end":{"line":62,"column":21}},"29":{"start":{"line":65,"column":4},"end":{"line":65,"column":43}},"30":{"start":{"line":66,"column":4},"end":{"line":66,"column":41}},"31":{"start":{"line":67,"column":4},"end":{"line":67,"column":81}},"32":{"start":{"line":69,"column":4},"end":{"line":69,"column":42}},"33":{"start":{"line":72,"column":4},"end":{"line":74,"column":5}},"34":{"start":{"line":73,"column":8},"end":{"line":73,"column":45}},"35":{"start":{"line":77,"column":4},"end":{"line":79,"column":5}},"36":{"start":{"line":78,"column":8},"end":{"line":78,"column":49}},"37":{"start":{"line":82,"column":4},"end":{"line":84,"column":5}},"38":{"start":{"line":83,"column":8},"end":{"line":83,"column":48}},"39":{"start":{"line":86,"column":4},"end":{"line":89,"column":5}},"40":{"start":{"line":87,"column":8},"end":{"line":87,"column":35}},"41":{"start":{"line":88,"column":8},"end":{"line":88,"column":49}},"42":{"start":{"line":91,"column":4},"end":{"line":97,"column":5}},"43":{"start":{"line":92,"column":8},"end":{"line":92,"column":47}},"44":{"start":{"line":93,"column":8},"end":{"line":93,"column":33}},"45":{"start":{"line":96,"column":8},"end":{"line":96,"column":47}},"46":{"start":{"line":100,"column":4},"end":{"line":110,"column":5}},"47":{"start":{"line":101,"column":8},"end":{"line":101,"column":47}},"48":{"start":{"line":102,"column":8},"end":{"line":109,"column":16}},"49":{"start":{"line":103,"column":12},"end":{"line":103,"column":52}},"50":{"start":{"line":104,"column":12},"end":{"line":104,"column":61}},"51":{"start":{"line":105,"column":12},"end":{"line":105,"column":34}},"52":{"start":{"line":106,"column":12},"end":{"line":108,"column":68}},"53":{"start":{"line":113,"column":4},"end":{"line":126,"column":5}},"54":{"start":{"line":114,"column":8},"end":{"line":114,"column":40}},"55":{"start":{"line":115,"column":8},"end":{"line":125,"column":15}},"56":{"start":{"line":119,"column":16},"end":{"line":124,"column":17}},"57":{"start":{"line":120,"column":20},"end":{"line":121,"column":97}},"58":{"start":{"line":123,"column":20},"end":{"line":123,"column":99}},"59":{"start":{"line":128,"column":4},"end":{"line":199,"column":5}},"60":{"start":{"line":129,"column":8},"end":{"line":198,"column":11}},"61":{"start":{"line":130,"column":12},"end":{"line":132,"column":13}},"62":{"start":{"line":131,"column":16},"end":{"line":131,"column":33}},"63":{"start":{"line":133,"column":12},"end":{"line":197,"column":13}},"64":{"start":{"line":134,"column":16},"end":{"line":137,"column":38}},"65":{"start":{"line":140,"column":16},"end":{"line":153,"column":17}},"66":{"start":{"line":141,"column":20},"end":{"line":141,"column":53}},"67":{"start":{"line":142,"column":20},"end":{"line":142,"column":69}},"68":{"start":{"line":143,"column":20},"end":{"line":143,"column":109}},"69":{"start":{"line":144,"column":20},"end":{"line":144,"column":129}},"70":{"start":{"line":145,"column":23},"end":{"line":153,"column":17}},"71":{"start":{"line":146,"column":20},"end":{"line":146,"column":56}},"72":{"start":{"line":147,"column":20},"end":{"line":147,"column":72}},"73":{"start":{"line":148,"column":20},"end":{"line":148,"column":112}},"74":{"start":{"line":149,"column":20},"end":{"line":149,"column":135}},"75":{"start":{"line":152,"column":20},"end":{"line":152,"column":75}},"76":{"start":{"line":155,"column":16},"end":{"line":157,"column":17}},"77":{"start":{"line":156,"column":20},"end":{"line":156,"column":64}},"78":{"start":{"line":159,"column":16},"end":{"line":159,"column":52}},"79":{"start":{"line":161,"column":16},"end":{"line":174,"column":18}},"80":{"start":{"line":162,"column":20},"end":{"line":173,"column":21}},"81":{"start":{"line":163,"column":24},"end":{"line":170,"column":28}},"82":{"start":{"line":164,"column":28},"end":{"line":169,"column":29}},"83":{"start":{"line":165,"column":32},"end":{"line":165,"column":73}},"84":{"start":{"line":166,"column":32},"end":{"line":166,"column":76}},"85":{"start":{"line":168,"column":32},"end":{"line":168,"column":49}},"86":{"start":{"line":172,"column":24},"end":{"line":172,"column":41}},"87":{"start":{"line":176,"column":16},"end":{"line":188,"column":18}},"88":{"start":{"line":177,"column":20},"end":{"line":187,"column":21}},"89":{"start":{"line":178,"column":24},"end":{"line":184,"column":28}},"90":{"start":{"line":179,"column":28},"end":{"line":182,"column":29}},"91":{"start":{"line":180,"column":32},"end":{"line":180,"column":73}},"92":{"start":{"line":181,"column":32},"end":{"line":181,"column":74}},"93":{"start":{"line":183,"column":28},"end":{"line":183,"column":47}},"94":{"start":{"line":186,"column":24},"end":{"line":186,"column":41}},"95":{"start":{"line":190,"column":16},"end":{"line":194,"column":17}},"96":{"start":{"line":191,"column":20},"end":{"line":191,"column":39}},"97":{"start":{"line":193,"column":20},"end":{"line":193,"column":37}},"98":{"start":{"line":196,"column":16},"end":{"line":196,"column":26}},"99":{"start":{"line":202,"column":4},"end":{"line":234,"column":5}},"100":{"start":{"line":203,"column":8},"end":{"line":203,"column":104}},"101":{"start":{"line":205,"column":8},"end":{"line":233,"column":15}},"102":{"start":{"line":207,"column":16},"end":{"line":213,"column":19}},"103":{"start":{"line":216,"column":16},"end":{"line":224,"column":19}},"104":{"start":{"line":230,"column":16},"end":{"line":230,"column":94}},"105":{"start":{"line":231,"column":16},"end":{"line":231,"column":36}},"106":{"start":{"line":232,"column":16},"end":{"line":232,"column":28}},"107":{"start":{"line":236,"column":4},"end":{"line":241,"column":5}},"108":{"start":{"line":237,"column":8},"end":{"line":240,"column":15}},"109":{"start":{"line":239,"column":16},"end":{"line":239,"column":43}},"110":{"start":{"line":243,"column":4},"end":{"line":256,"column":5}},"111":{"start":{"line":244,"column":8},"end":{"line":246,"column":9}},"112":{"start":{"line":245,"column":12},"end":{"line":245,"column":42}},"113":{"start":{"line":248,"column":8},"end":{"line":248,"column":60}},"114":{"start":{"line":250,"column":8},"end":{"line":255,"column":15}},"115":{"start":{"line":252,"column":16},"end":{"line":252,"column":99}},"116":{"start":{"line":253,"column":16},"end":{"line":253,"column":34}},"117":{"start":{"line":254,"column":16},"end":{"line":254,"column":29}},"118":{"start":{"line":258,"column":4},"end":{"line":271,"column":5}},"119":{"start":{"line":259,"column":8},"end":{"line":261,"column":9}},"120":{"start":{"line":260,"column":12},"end":{"line":260,"column":42}},"121":{"start":{"line":263,"column":8},"end":{"line":263,"column":59}},"122":{"start":{"line":265,"column":8},"end":{"line":270,"column":15}},"123":{"start":{"line":267,"column":16},"end":{"line":267,"column":97}},"124":{"start":{"line":268,"column":16},"end":{"line":268,"column":34}},"125":{"start":{"line":269,"column":16},"end":{"line":269,"column":29}},"126":{"start":{"line":273,"column":4},"end":{"line":284,"column":5}},"127":{"start":{"line":274,"column":8},"end":{"line":276,"column":9}},"128":{"start":{"line":275,"column":12},"end":{"line":275,"column":40}},"129":{"start":{"line":278,"column":8},"end":{"line":283,"column":15}},"130":{"start":{"line":280,"column":16},"end":{"line":280,"column":100}},"131":{"start":{"line":281,"column":16},"end":{"line":281,"column":34}},"132":{"start":{"line":282,"column":16},"end":{"line":282,"column":27}},"133":{"start":{"line":286,"column":4},"end":{"line":315,"column":5}},"134":{"start":{"line":287,"column":8},"end":{"line":314,"column":11}},"135":{"start":{"line":288,"column":12},"end":{"line":288,"column":62}},"136":{"start":{"line":290,"column":12},"end":{"line":290,"column":46}},"137":{"start":{"line":293,"column":12},"end":{"line":310,"column":15}},"138":{"start":{"line":300,"column":16},"end":{"line":307,"column":17}},"139":{"start":{"line":301,"column":20},"end":{"line":301,"column":35}},"140":{"start":{"line":302,"column":20},"end":{"line":302,"column":46}},"141":{"start":{"line":303,"column":23},"end":{"line":307,"column":17}},"142":{"start":{"line":304,"column":20},"end":{"line":304,"column":68}},"143":{"start":{"line":305,"column":23},"end":{"line":307,"column":17}},"144":{"start":{"line":306,"column":20},"end":{"line":306,"column":68}},"145":{"start":{"line":309,"column":16},"end":{"line":309,"column":37}},"146":{"start":{"line":313,"column":12},"end":{"line":313,"column":70}},"147":{"start":{"line":317,"column":4},"end":{"line":336,"column":5}},"148":{"start":{"line":318,"column":8},"end":{"line":318,"column":63}},"149":{"start":{"line":320,"column":8},"end":{"line":320,"column":26}},"150":{"start":{"line":321,"column":8},"end":{"line":321,"column":52}},"151":{"start":{"line":322,"column":8},"end":{"line":322,"column":66}},"152":{"start":{"line":323,"column":8},"end":{"line":333,"column":9}},"153":{"start":{"line":324,"column":12},"end":{"line":326,"column":16}},"154":{"start":{"line":330,"column":12},"end":{"line":330,"column":48}},"155":{"start":{"line":332,"column":12},"end":{"line":332,"column":95}},"156":{"start":{"line":335,"column":8},"end":{"line":335,"column":24}},"157":{"start":{"line":338,"column":4},"end":{"line":361,"column":5}},"158":{"start":{"line":341,"column":8},"end":{"line":341,"column":59}},"159":{"start":{"line":342,"column":8},"end":{"line":342,"column":57}},"160":{"start":{"line":343,"column":8},"end":{"line":343,"column":42}},"161":{"start":{"line":344,"column":8},"end":{"line":344,"column":40}},"162":{"start":{"line":348,"column":8},"end":{"line":348,"column":46}},"163":{"start":{"line":349,"column":8},"end":{"line":349,"column":64}},"164":{"start":{"line":352,"column":8},"end":{"line":352,"column":44}},"165":{"start":{"line":355,"column":8},"end":{"line":355,"column":64}},"166":{"start":{"line":356,"column":8},"end":{"line":356,"column":60}},"167":{"start":{"line":358,"column":8},"end":{"line":358,"column":65}},"168":{"start":{"line":360,"column":8},"end":{"line":360,"column":27}},"169":{"start":{"line":363,"column":4},"end":{"line":406,"column":5}},"170":{"start":{"line":364,"column":8},"end":{"line":405,"column":11}},"171":{"start":{"line":365,"column":12},"end":{"line":365,"column":63}},"172":{"start":{"line":365,"column":46},"end":{"line":365,"column":63}},"173":{"start":{"line":367,"column":12},"end":{"line":367,"column":96}},"174":{"start":{"line":373,"column":12},"end":{"line":373,"column":61}},"175":{"start":{"line":374,"column":12},"end":{"line":374,"column":47}},"176":{"start":{"line":375,"column":12},"end":{"line":378,"column":15}},"177":{"start":{"line":376,"column":16},"end":{"line":376,"column":128}},"178":{"start":{"line":377,"column":16},"end":{"line":377,"column":42}},"179":{"start":{"line":379,"column":12},"end":{"line":379,"column":61}},"180":{"start":{"line":381,"column":12},"end":{"line":381,"column":43}},"181":{"start":{"line":383,"column":12},"end":{"line":383,"column":58}},"182":{"start":{"line":384,"column":12},"end":{"line":384,"column":69}},"183":{"start":{"line":386,"column":12},"end":{"line":388,"column":15}},"184":{"start":{"line":387,"column":16},"end":{"line":387,"column":41}},"185":{"start":{"line":390,"column":12},"end":{"line":404,"column":15}},"186":{"start":{"line":393,"column":16},"end":{"line":399,"column":17}},"187":{"start":{"line":394,"column":20},"end":{"line":394,"column":106}},"188":{"start":{"line":395,"column":20},"end":{"line":397,"column":21}},"189":{"start":{"line":396,"column":24},"end":{"line":396,"column":98}},"190":{"start":{"line":398,"column":20},"end":{"line":398,"column":37}},"191":{"start":{"line":401,"column":16},"end":{"line":401,"column":103}},"192":{"start":{"line":402,"column":16},"end":{"line":402,"column":40}},"193":{"start":{"line":403,"column":16},"end":{"line":403,"column":33}},"194":{"start":{"line":408,"column":4},"end":{"line":415,"column":5}},"195":{"start":{"line":410,"column":8},"end":{"line":414,"column":15}},"196":{"start":{"line":412,"column":16},"end":{"line":412,"column":103}},"197":{"start":{"line":413,"column":16},"end":{"line":413,"column":23}},"198":{"start":{"line":418,"column":4},"end":{"line":418,"column":17}},"199":{"start":{"line":420,"column":4},"end":{"line":451,"column":5}},"200":{"start":{"line":421,"column":8},"end":{"line":421,"column":27}},"201":{"start":{"line":422,"column":8},"end":{"line":422,"column":46}},"202":{"start":{"line":423,"column":8},"end":{"line":423,"column":34}},"203":{"start":{"line":424,"column":8},"end":{"line":424,"column":67}},"204":{"start":{"line":425,"column":8},"end":{"line":425,"column":39}},"205":{"start":{"line":427,"column":8},"end":{"line":427,"column":44}},"206":{"start":{"line":428,"column":8},"end":{"line":428,"column":57}},"207":{"start":{"line":429,"column":8},"end":{"line":429,"column":103}},"208":{"start":{"line":431,"column":8},"end":{"line":431,"column":47}},"209":{"start":{"line":433,"column":8},"end":{"line":433,"column":52}},"210":{"start":{"line":435,"column":8},"end":{"line":437,"column":11}},"211":{"start":{"line":436,"column":12},"end":{"line":436,"column":50}},"212":{"start":{"line":439,"column":8},"end":{"line":442,"column":11}},"213":{"start":{"line":440,"column":12},"end":{"line":440,"column":34}},"214":{"start":{"line":441,"column":12},"end":{"line":441,"column":23}},"215":{"start":{"line":444,"column":8},"end":{"line":446,"column":11}},"216":{"start":{"line":445,"column":12},"end":{"line":445,"column":44}},"217":{"start":{"line":448,"column":8},"end":{"line":450,"column":11}},"218":{"start":{"line":449,"column":12},"end":{"line":449,"column":51}},"219":{"start":{"line":453,"column":4},"end":{"line":457,"column":5}},"220":{"start":{"line":454,"column":8},"end":{"line":456,"column":9}},"221":{"start":{"line":455,"column":12},"end":{"line":455,"column":59}},"222":{"start":{"line":459,"column":4},"end":{"line":467,"column":5}},"223":{"start":{"line":460,"column":8},"end":{"line":460,"column":79}},"224":{"start":{"line":461,"column":8},"end":{"line":463,"column":10}},"225":{"start":{"line":462,"column":12},"end":{"line":462,"column":32}},"226":{"start":{"line":464,"column":8},"end":{"line":466,"column":24}},"227":{"start":{"line":469,"column":4},"end":{"line":477,"column":5}},"228":{"start":{"line":470,"column":8},"end":{"line":472,"column":10}},"229":{"start":{"line":471,"column":12},"end":{"line":471,"column":32}},"230":{"start":{"line":473,"column":8},"end":{"line":473,"column":76}},"231":{"start":{"line":474,"column":8},"end":{"line":476,"column":24}},"232":{"start":{"line":480,"column":4},"end":{"line":485,"column":7}},"233":{"start":{"line":488,"column":4},"end":{"line":488,"column":45}},"234":{"start":{"line":490,"column":4},"end":{"line":490,"column":24}},"235":{"start":{"line":492,"column":4},"end":{"line":509,"column":7}},"236":{"start":{"line":493,"column":8},"end":{"line":508,"column":9}},"237":{"start":{"line":494,"column":12},"end":{"line":494,"column":86}},"238":{"start":{"line":496,"column":12},"end":{"line":496,"column":26}},"239":{"start":{"line":497,"column":12},"end":{"line":497,"column":87}},"240":{"start":{"line":498,"column":12},"end":{"line":500,"column":13}},"241":{"start":{"line":499,"column":16},"end":{"line":499,"column":74}},"242":{"start":{"line":502,"column":12},"end":{"line":505,"column":13}},"243":{"start":{"line":503,"column":16},"end":{"line":504,"column":49}},"244":{"start":{"line":507,"column":12},"end":{"line":507,"column":38}},"245":{"start":{"line":512,"column":4},"end":{"line":515,"column":7}},"246":{"start":{"line":513,"column":8},"end":{"line":513,"column":43}},"247":{"start":{"line":514,"column":8},"end":{"line":514,"column":38}},"248":{"start":{"line":517,"column":4},"end":{"line":520,"column":7}},"249":{"start":{"line":518,"column":8},"end":{"line":518,"column":28}},"250":{"start":{"line":519,"column":8},"end":{"line":519,"column":45}},"251":{"start":{"line":522,"column":4},"end":{"line":522,"column":15}},"252":{"start":{"line":525,"column":0},"end":{"line":533,"column":2}},"253":{"start":{"line":526,"column":4},"end":{"line":526,"column":42}},"254":{"start":{"line":527,"column":4},"end":{"line":527,"column":36}},"255":{"start":{"line":531,"column":4},"end":{"line":531,"column":31}},"256":{"start":{"line":532,"column":4},"end":{"line":532,"column":15}},"257":{"start":{"line":535,"column":0},"end":{"line":544,"column":2}},"258":{"start":{"line":537,"column":4},"end":{"line":537,"column":48}},"259":{"start":{"line":539,"column":4},"end":{"line":539,"column":46}},"260":{"start":{"line":541,"column":4},"end":{"line":541,"column":46}},"261":{"start":{"line":543,"column":4},"end":{"line":543,"column":16}},"262":{"start":{"line":548,"column":0},"end":{"line":550,"column":2}},"263":{"start":{"line":549,"column":4},"end":{"line":549,"column":39}},"264":{"start":{"line":552,"column":0},"end":{"line":552,"column":30}}},"branchMap":{"1":{"line":59,"type":"binary-expr","locations":[{"start":{"line":59,"column":14},"end":{"line":59,"column":21}},{"start":{"line":59,"column":25},"end":{"line":59,"column":27}}]},"2":{"line":60,"type":"if","locations":[{"start":{"line":60,"column":4},"end":{"line":60,"column":4}},{"start":{"line":60,"column":4},"end":{"line":60,"column":4}}]},"3":{"line":69,"type":"binary-expr","locations":[{"start":{"line":69,"column":15},"end":{"line":69,"column":23}},{"start":{"line":69,"column":27},"end":{"line":69,"column":41}}]},"4":{"line":72,"type":"if","locations":[{"start":{"line":72,"column":4},"end":{"line":72,"column":4}},{"start":{"line":72,"column":4},"end":{"line":72,"col
[...]
}},"29":{"start":{"line":71,"column":4},"end":{"line":71,"column":81}},"30":{"start":{"line":71,"column":41},"end":{"line":71,"column":81}},"31":{"start":{"line":72,"column":4},"end":{"line":72,"column":97}},"32":{"start":{"line":72,"column":47},"end":{"line":72,"column":97}}},"branchMap":{"1":{"line":9,"type":"if","locations":[{"start":{"line":9,"column":4},"end":{"line":9,"column":4}},{"start":{"line":9,"column":4},"end":{"line":9,"column":4}}]},"2":{"line":9,"type":"binary-expr","locations":[{"start":{"line":9,"column":8},"end":{"line":9,"column":17}},{"start":{"line":9,"column":21},"end":{"line":9,"column":46}}]},"3":{"line":13,"type":"binary-expr","locations":[{"start":{"line":13,"column":14},"end":{"line":13,"column":21}},{"start":{"line":13,"column":25},"end":{"line":13,"column":27}}]},"4":{"line":51,"type":"binary-expr","locations":[{"start":{"line":51,"column":10},"end":{"line":51,"column":22}},{"start":{"line":51,"column":26},"end":{"line":51,"column":28}}]},"5":{"line":52,"type":"binary-expr","locations":[{"start":{"line":52,"column":10},"end":{"line":52,"column":22}},{"start":{"line":52,"column":26},"end":{"line":52,"column":35}}]},"6":{"line":53,"type":"binary-expr","locations":[{"start":{"line":53,"column":13},"end":{"line":53,"column":28}},{"start":{"line":53,"column":32},"end":{"line":53,"column":63}}]},"7":{"line":54,"type":"binary-expr","locations":[{"start":{"line":54,"column":13},"end":{"line":54,"column":28}},{"start":{"line":54,"column":32},"end":{"line":54,"column":53}}]},"8":{"line":64,"type":"if","locations":[{"start":{"line":64,"column":4},"end":{"line":64,"column":4}},{"start":{"line":64,"column":4},"end":{"line":64,"column":4}}]},"9":{"line":68,"type":"if","locations":[{"start":{"line":68,"column":4},"end":{"line":68,"column":4}},{"start":{"line":68,"column":4},"end":{"line":68,"column":4}}]},"10":{"line":70,"type":"if","locations":[{"start":{"line":70,"column":4},"end":{"line":70,"column":4}},{"start":{"line":70,"column":4},"end":{"line":70,"column":4}}]},"11":{"line":71,"type":"if","locations":[{"start":{"line":71,"column":4},"end":{"line":71,"column":4}},{"start":{"line":71,"column":4},"end":{"line":71,"column":4}}]},"12":{"line":72,"type":"if","locations":[{"start":{"line":72,"column":4},"end":{"line":72,"column":4}},{"start":{"line":72,"column":4},"end":{"line":72,"column":4}}]}},"code":["//#!/usr/bin/env node","'use strict';","","var logger = require('./lib/logger');","var mailin = require('./index');","var program = require('commander');","","function collectOptions(keyValue, options) {","    if (!keyValue || keyValue.indexOf(':') < 0) {","        logger.error('Ignoring option '  + keyValue);","        return options;","    }","    options = options || {};","    var split = keyValue.split(':');","    options[split[0]] = split[1];","    return options;","}","","function list(val) {","    return val.split(',');","}","","var pkg = require('./package.json');","","program.version(pkg.version)","    .option('-p, --port <n>', 'The port to which the mailin smtp server should listen to. Default to 25.', parseInt)","    .option('-i, --host <n>', 'The host ip on which the mailin smtp server should accept connections. Default to any valid address.')","    .option('-w, --webhook [url]', 'The webhook url to which the parsed emails are posted. Default to http://localhost:3000/webhook.')","    .option('-l, --log-file [file path]', \"The log file path. Default to '/var/log/mailin.log'.\")","    .option('--disable-dkim', 'Disable dkim checking. The dkim field in the webhook payload will be set to false.')","    .option('--disable-spf', 'Disable spf checking. The spf field in the webhook payload will be set to false.')","    .option('--disable-spam-score', 'Disable spam score computation. The spamScore field in the webhook payload will be set to 0.0.')","    .option('--verbose', 'Set the logging level to verbose.')","    .option('--debug', 'Printout debug info such as the smtp commands.')","    .option('--profile', 'Enable basic memory usage profiling.')","    .option('--enable-dns-validation', 'Enable DNS domain lookup')","    .option('--disabled-smtp-commands [value]', 'smtp disabled commands list, comma separated', list)","    .option('--smtp [value]', 'smtp options split with :, check https://github.com/andris9/smtp-server/tree/v1.4.0', collectOptions, {});","","/* Hack the argv object so that commander thinks that this script is called"," * 'mailin'. The help info will look nicer. */","process.argv[1] = 'mailin';","program.parse(process.argv);","","logger.info('Mailin v' + pkg.version);","","var smtpOptions = program.smtp;","smtpOptions.disabledCommands = program.disabledSmtpCommands;","","mailin.start({","    port: program.port || 25,","    host: program.host || '0.0.0.0',","    webhook: program.webhook || 'http://localhost:3000/webhook',","    logFile: program.logFile || '/var/log/mailin.log',","    disableDkim: program.disableDkim,","    disableSpf: program.disableSpf,","    disableSpamScore: program.disableSpamScore,","    verbose: program.verbose,","    debug: program.debug,","    profile: program.profile,","    disableDNSValidation: !program.enableDnsValidation,","    smtpOptions: smtpOptions","}, function (err) {","    if (err) process.exit(1);","","    logger.info('Webhook url: ' + mailin.configuration.webhook);","","    if (mailin.configuration.logFile) logger.info('Log file: ' + mailin.configuration.logFile);","","    if (mailin.configuration.disableDkim) logger.info('Dkim checking is disabled');","    if (mailin.configuration.disableSpf) logger.info('Spf checking is disabled');","    if (mailin.configuration.disableSpamScore) logger.info('Spam score computation is disabled');","});",""],"l":{"4":1,"5":1,"6":1,"8":1,"9":0,"10":0,"11":0,"13":0,"14":0,"15":0,"16":0,"19":1,"20":0,"23":1,"25":1,"42":1,"43":1,"45":1,"47":1,"48":1,"50":1,"64":1,"66":1,"68":1,"70":1,"71":1,"72":1}},"/home/travis/build/npmtest/node-npmtest-mailin/node_modules/mailin/Gruntfile.js":{"path":"/home/travis/build/npmtest/node-npmtest-mailin/node_modules/mailin/Gruntfile.js","s":{"1":1,"2":1,"3":0,"4":0,"5":0,"6":0,"7":0,"8":0,"9":0},"b":{},"f":{"1":0},"fnMap":{"1":{"name":"(anonymous_1)","line":5,"loc":{"start":{"line":5,"column":17},"end":{"line":5,"column":34}}}},"statementMap":{"1":{"start":{"line":3,"column":0},"end":{"line":3,"column":23}},"2":{"start":{"line":5,"column":0},"end":{"line":65,"column":2}},"3":{"start":{"line":8,"column":4},"end":{"line":8,"column":71}},"4":{"start":{"line":10,"column":4},"end":{"line":10,"column":45}},"5":{"start":{"line":11,"column":4},"end":{"line":11,"column":47}},"6":{"start":{"line":13,"column":4},"end":{"line":13,"column":43}},"7":{"start":{"line":16,"column":4},"end":{"line":54,"column":7}},"8":{"start":{"line":56,"column":4},"end":{"line":59,"column":7}},"9":{"start":{"line":61,"column":4},"end":{"line":64,"column":7}}},"branchMap":{},"code":["'use strict';","","var fs = require('fs');","","module.exports = function (grunt) {","","    // Load .jshintrc file.","    var hintOptions = JSON.parse(fs.readFileSync('.jshintrc', 'utf8'));","","    grunt.loadNpmTasks('grunt-jsbeautifier');","    grunt.loadNpmTasks('grunt-contrib-jshint');","","    grunt.loadNpmTasks('grunt-mocha-test');","","    // Project configuration.","    grunt.initConfig({","        pkg: grunt.file.readJSON('package.json'),","","        jsfiles: [","            'Gruntfile.js',","            'index.js',","            'lib/**/*.js',","            'test/**/*.js',","            '!node_modules/**/*.js'","        ],","","        jsbeautifier: {","            files: ['<%= jsfiles %>'],","            options: {","                js: {","                    spaceAfterAnonFunction: true","                }","            }","        },","","        jshint: {","            options: hintOptions,","            files: ['<%= jsfiles %>']","        },","","        mochaTest: {","            test: {","                options: {","                    reporter: 'spec'","                },","                src: ['test/**/*Spec.js']","            }","        },","","        watch: {","            files: ['<%= jsfiles %>'],","            tasks: ['test']","        }","    });","","    grunt.registerTask('lint', [","        'jsbeautifier',","        'jshint'","    ]);","","    grunt.registerTask('test', [","        'lint',","        'mochaTest'","    ]);","};",""],"l":{"3":1,"5":1,"8":0,"10":0,"11":0,"13":0,"16":0,"56":0,"61":0}},"/home/travis/build/npmtest/node-npmtest-mailin/node_modules/mailin/run-cli.js":{"path":"/home/travis/build/npmtest/node-npmtest-mailin/node_modules/mailin/run-cli.js","s":{"1":1,"2":1,"3":1,"4":1,"5":1,"6":1,"7":1,"8":0,"9":0,"10":0,"11":0,"12":0,"13":1,"14":0,"15":0,"16":0,"17":0,"18":0,"19":0,"20":0,"21":1,"22":1,"23":1},"b":{},"f":{"1":0,"2":0,"3":1},"fnMap":{"1":{"name":"(anonymous_1)","line":17,"loc":{"start":{"line":17,"column":26},"end":{"line":17,"column":41}}},"2":{"name":"(anonymous_2)","line":25,"loc":{"start":{"line":25,"column":28},"end":{"line":25,"column":40}}},"3":{"name":"(anonymous_3)","line":37,"loc":{"start":{"line":37,"column":25},"end":{"line":37,"column":37}}}},"statementMap":{"1":{"start":{"line":4,"column":0},"end":{"line":4,"column":41}},"2":{"start":{"line":5,"column":0},"end":{"line":5,"column":37}},"3":{"start":{"line":6,"column":0},"end":{"line":6,"column":27}},"4":{"start":{"line":8,"column":0},"end":{"line":8,"column":36}},"5":{"start":{"line":10,"column":0},"end":{"line":10,"column":21}},"6":{"start":{"line":11,"column":0},"end":{"line":15,"column":3}},"7":{"start":{"line":17,"column":0},"end":{"line":23,"column":3}},"8":{"start":{"line":18,"column":4},"end":{"line":18,"column":50}},"9":{"start":{"line":19,"column":4},"end":{"line":19,"column":58}},"10":{"start":{"line":20,"column":4},"end":{"line":20,"column":22}},"11":{"start":{"line":21,"column":4},"end":{"line":21,"column":18}},"12":{"start":{"line":22,"column":4},"end":{"line":22,"column":18}},"13":{"start":{"line":25,"column":0},"end":{"line":35,"column":3}},"14":{"start":{"line":26,"column":4},"end":{"line":26,"column":70}},"15":{"start":{"line":27,"column":4},"end":{"line":27,"column":57}},"16":{"start":{"line":28,"column":4},"end":{"line":28,"column":37}},"17":{"start":{"line":30,"column":4},"end":{"line":30,"column":19}},"18":{"start":{"line":31,"column":4},"end":{"line":31,"column":50}},"19":{"start":{"line":33,"column":4},"end":{"line":33,"column":18}},"20":{"start":{"line":34,"column":4},"end":{"line":34,"column":18}},"21":{"start":{"line":37,"column":0},"end":{"line":39,"column":3}},"22":{"start":{"line":38,"column":4},"end":{"line":38,"column":35}},"23":{"start":{"line":41,"column":0},"end":{"line":41,"column":22}}},"branchMap":{},"code":["//#!/usr/bin/env node","'use strict';","","var forever = require('forever-monitor');","var logger = require('./lib/logger');","var path = require('path');","","var pkg = require('./package.json');","","var restartCount = 0;","var mailinProcess = new (forever.Monitor)(path.join(__dirname, 'cli.js'), {","    max: 1000,","    minUptime: 10000,","    args: process.argv.slice(2)","});","","mailinProcess.on('error', function (err) {","    logger.error('Error caused Mailin to crash.');","    logger.error('Please report this to ' + pkg.bugs.url);","    logger.error(err);","    logger.info();","    logger.info();","});","","mailinProcess.on('restart', function () {","    logger.warn('It is likely that an error caused Mailin to crash.');","    logger.warn('Please report this to ' + pkg.bugs.url);","    logger.warn('Mailin restarted.');","","    ++restartCount;","    logger.warn('Restart count: ' + restartCount);","","    logger.info();","    logger.info();","});","","mailinProcess.on('exit', function () {","    logger.info('Mailin stopped.');","});","","mailinProcess.start();",""],"l":{"4":1,"5":1,"6":1,"8":1,"10":1,"11":1,"17":1,"18":0,"19":0,"20":0,"21":0,"22":0,"25":1,"26":0,"27":0,"28":0,"30":0,"31":0,"33":0,"34":0,"37":1,"38":1,"41":1}},"/home/travis/build/npmtest/node-npmtest-mailin/node_modules/mailin/samples/server.js":{"path":"/home/travis/build/npmtest/node-npmtest-mailin/node_modules/mailin/samples/server.js","s":{"1":2,"2":2,"3":0,"4":0,"5":0,"6":0,"7":0,"8":0,"9":0,"10":0,"11":0,"12":0,"13":0,"14":0,"15":0,"16":0,"17":0,"18":0,"19":0,"20":0,"21":0,"22":0,"23":0,"24":0,"25":0,"26":0,"27":0,"28":0,"29":0,"30":0,"31":0,"32":0,"33":0,"34":0,"35":0,"36":0,"37":0,"38":0},"b":{"1":[0,0],"2":[0,0],"3":[0,0],"4":[0,0]},"f":{"1":0,"2":0,"3":0,"4":0,"5":0,"6":0,"7":0,"8":0,"9":0,"10":0},"fnMap":{"1":{"name":"(anonymous_1)","line":13,"loc":{"start":{"line":13,"column":24},"end":{"line":13,"column":44}}},"2":{"name":"(anonymous_2)","line":18,"loc":{"start":{"line":18,"column":24},"end":{"line":18,"column":44}}},"3":{"name":"(anonymous_3)","line":30,"loc":{"start":{"line":30,"column":24},"end":{"line":30,"column":36}}},"4":{"name":"(anonymous_4)","line":33,"loc":{"start":{"line":33,"column":15},"end":{"line":33,"column":55}}},"5":{"name":"(anonymous_5)","line":44,"loc":{"start":{"line":44,"column":20},"end":{"line":44,"column":43}}},"6":{"name":"(anonymous_6)","line":53,"loc":{"start":{"line":53,"column":32},"end":{"line":53,"column":50}}},"7":{"name":"(anonymous_7)","line":56,"loc":{"start":{"line":56,"column":30},"end":{"line":56,"column":48}}},"8":{"name":"(anonymous_8)","line":58,"loc":{"start":{"line":58,"column":52},"end":{"line":58,"column":82}}},"9":{"name":"(anonymous_9)","line":62,"loc":{"start":{"line":62,"column":11},"end":{"line":62,"column":26}}},"10":{"name":"(anonymous_10)","line":74,"loc":{"start":{"line":74,"column":20},"end":{"line":74,"column":35}}}},"statementMap":{"1":{"start":{"line":3,"column":0},"end":{"line":3,"column":29}},"2":{"start":{"line":4,"column":0},"end":{"line":4,"column":33}},"3":{"start":{"line":5,"column":0},"end":{"line":5,"column":23}},"4":{"start":{"line":6,"column":0},"end":{"line":6,"column":39}},"5":{"start":{"line":7,"column":0},"end":{"line":7,"column":27}},"6":{"start":{"line":11,"column":0},"end":{"line":11,"column":23}},"7":{"start":{"line":13,"column":0},"end":{"line":16,"column":3}},"8":{"start":{"line":14,"column":4},"end":{"line":14,"column":55}},"9":{"start":{"line":15,"column":4},"end":{"line":15,"column":18}},"10":{"start":{"line":18,"column":0},"end":{"line":72,"column":3}},"11":{"start":{"line":19,"column":4},"end":{"line":19,"column":38}},"12":{"start":{"line":26,"column":4},"end":{"line":28,"column":7}},"13":{"start":{"line":30,"column":4},"end":{"line":42,"column":9}},"14":{"start":{"line":31,"column":8},"end":{"line":31,"column":31}},"15":{"start":{"line":32,"column":8},"end":{"line":32,"column":41}},"16":{"start":{"line":33,"column":8},"end":{"line":41,"column":10}},"17":{"start":{"line":34,"column":12},"end":{"line":34,"column":45}},"18":{"start":{"line":35,"column":12},"end":{"line":35,"column":77}},"19":{"start":{"line":36,"column":12},"end":{"line":40,"column":13}},"20":{"start":{"line":37,"column":16},"end":{"line":37,"column":53}},"21":{"start":{"line":38,"column":16},"end":{"line":39,"column":94}},"22":{"start":{"line":44,"column":4},"end":{"line":71,"column":7}},"23":{"start":{"line":45,"column":8},"end":{"line":47,"column":12}},"24":{"start":{"line":49,"column":8},"end":{"line":49,"column":61}},"25":{"start":{"line":52,"column":8},"end":{"line":70,"column":11}},"26":{"start":{"line":54,"column":16},"end":{"line":54,"column":71}},"27":{"start":{"line":57,"column":16},"end":{"line":57,"column":55}},"28":{"start":{"line":58,"column":16},"end":{"line":60,"column":27}},"29":{"start":{"line":59,"column":20},"end":{"line":59,"column":119}},"30":{"start":{"line":63,"column":12},"end":{"line":69,"column":13}},"31":{"start":{"line":64,"column":16},"end":{"line":64,"column":39}},"32":{"start":{"line":65,"column":16},"end":{"line":65,"column":57}},"33":{"start":{"line":67,"column":16},"end":{"line":67,"column":56}},"34":{"start":{"line":68,"column":16},"end":{"line":68,"column":30}},"35":{"start":{"line":74,"column":0},"end":{"line":80,"column":3}},"36":{"start":{"line":75,"column":4},"end":{"line":79,"column":5}},"37":{"start":{"line":76,"column":8},"end":{"line":76,"column":25}},"38":{"start":{"line":78,"column":8},"end":{"line":78,"column":58}}},"branchMap":{"1":{"line":36,"type":"if","locations":[{"start":{"line":36,"column":12},"end":{"line":36,"column":12}},{"start":{"line":36,"column":12},"end":{"line":36,"column":12}}]},"2":{"line":36,"type":"binary-expr","locations":[{"start":{"line":36,"column":16},"end":{"line":36,"column":37}},{"start":{"line":36,"column":41},"end":{"line":36,"column":79}}]},"3":{"line":63,"type":"if","locations":[{"start":{"line":63,"column":12},"end":{"line":63,"column":12}},{"start":{"line":63,"column":12},"end":{"line":63,"column":12}}]},"4":{"line":75,"type":"if","locations":[{"start":{"line":75,"column":4},"end":{"line":75,"column":4}},{"start":{"line":75,"column":4},"end":{"line":75,"column":4}}]}},"code":["'use strict';","","var async = require('async');","var express = require('express');","var fs = require('fs');","var multiparty = require('multiparty');","var util = require('util');","","","/* Make an http server to receive the webhook. */","var server = express();","","server.head('/webhook', function (req, res) {","    console.log('Received head request from webhook.');","    res.send(200);","});","","server.post('/webhook', function (req, res) {","    console.log('Receiving webhook.');","","    /* Respond early to avoid timouting the mailin server. */","    // res.send(200);","","    /* Parse the multipart form. The attachments are parsed into fields and can","     * be huge, so set the maxFieldsSize accordingly. */","    var form = new multiparty.Form({","        maxFieldsSize: 70000000","    });","","    form.on('progress', function () {","        var start = Date.now();","        var lastDisplayedPercentage = -1;","        return function (bytesReceived, bytesExpected) {","            var elapsed = Date.now() - start;","            var percentage = Math.floor(bytesReceived / bytesExpected * 100);","            if (percentage % 20 === 0 && percentage !== lastDisplayedPercentage) {","                lastDisplayedPercentage = percentage;","                console.log('Form upload progress ' +","                    percentage + '% of ' + bytesExpected / 1000000 + 'Mb. ' + elapsed + 'ms');","            }","        };","    }());","","    form.parse(req, function (err, fields) {","        console.log(util.inspect(fields.mailinMsg, {","            depth: 5","        }));","","        console.log('Parsed fields: ' + Object.keys(fields));","","        /* Write down the payload for ulterior inspection. */","        async.auto({","            writeParsedMessage: function (cbAuto) {","                fs.writeFile('payload.json', fields.mailinMsg, cbAuto);","            },","            writeAttachments: function (cbAuto) {","                var msg = JSON.parse(fields.mailinMsg);","                async.eachLimit(msg.attachments, 3, function (attachment, cbEach) {","                    fs.writeFile(attachment.generatedFileName, fields[attachment.generatedFileName], 'base64', cbEach);","                }, cbAuto);","            }","        }, function (err) {","            if (err) {","                console.log(err.stack);","                res.send(500, 'Unable to write payload');","            } else {","                console.log('Webhook payload written.');","                res.send(200);","            }","        });","    });","});","","server.listen(3000, function (err) {","    if (err) {","        console.log(err);","    } else {","        console.log('Http server listening on port 3000');","    }","});","",""],"l":{"3":2,"4":2,"5":0,"6":0,"7":0,"11":0,"13":0,"14":0,"15":0,"18":0,"19":0,"26":0,"30":0,"31":0,"32":0,"33":0,"34":0,"35":0,"36":0,"37":0,"38":0,"44":0,"45":0,"49":0,"52":0,"54":0,"57":0,"58":0,"59":0,"63":0,"64":0,"65":0,"67":0,"68":0,"74":0,"75":0,"76":0,"78":0}}}